Log file open, 06/12/22 18:33:56
LogWindows: Failed to load 'aqProf.dll' (GetLastError=126)
LogWindows: File 'aqProf.dll' does not exist
LogWindows: Failed to load 'VtuneApi.dll' (GetLastError=126)
LogWindows: File 'VtuneApi.dll' does not exist
LogWindows: Failed to load 'VtuneApi32e.dll' (GetLastError=126)
LogWindows: File 'VtuneApi32e.dll' does not exist
LogConsoleResponse: Display: Failed to find resolution value strings in scalability ini. Falling back to default.
LogConsoleResponse: Display: Failed to find resolution value strings in scalability ini. Falling back to default.
LogInit: Display: Running engine for game: Candle
LogPlatformFile: Not using cached read wrapper
LogTaskGraph: Started task graph with 5 named threads and 71 total threads with 3 sets of task threads.
LogStats: Stats thread started at 0.231028
LogICUInternationalization: ICU TimeZone Detection - Raw Offset: +1:00, Platform Override: ''
LogInit: Display: Loading text-based GConfig....
LogPluginManager: Mounting plugin MeshPainting
LogPluginManager: Mounting plugin XGEController
LogPluginManager: Mounting plugin Paper2D
LogPluginManager: Mounting plugin EnvironmentQueryEditor
LogPluginManager: Mounting plugin AISupport
LogPluginManager: Mounting plugin CameraShakePreviewer
LogPluginManager: Mounting plugin LiveLink
LogPluginManager: Mounting plugin LightPropagationVolume
LogPluginManager: Mounting plugin GameplayCameras
LogPluginManager: Mounting plugin AnimationSharing
LogPluginManager: Mounting plugin OodleData
LogPluginManager: Mounting plugin CLionSourceCodeAccess
LogPluginManager: Mounting plugin OodleNetwork
LogPluginManager: Mounting plugin CodeLiteSourceCodeAccess
LogPluginManager: Mounting plugin KDevelopSourceCodeAccess
LogPluginManager: Mounting plugin NullSourceCodeAccess
LogPluginManager: Mounting plugin DatasmithContent
LogPluginManager: Mounting plugin GitSourceControl
LogPluginManager: Mounting plugin AssetManagerEditor
LogPluginManager: Mounting plugin PixWinPlugin
LogPluginManager: Mounting plugin PluginUtils
LogPluginManager: Mounting plugin PropertyAccessNode
LogPluginManager: Mounting plugin PerforceSourceControl
LogPluginManager: Mounting plugin PlasticSourceControl
LogPluginManager: Mounting plugin TextureFormatOodle
LogPluginManager: Mounting plugin RiderSourceCodeAccess
LogPluginManager: Mounting plugin SubversionSourceControl
LogPluginManager: Mounting plugin VisualStudioCodeSourceCodeAccess
LogPluginManager: Mounting plugin XCodeSourceCodeAccess
LogPluginManager: Mounting plugin AlembicImporter
LogPluginManager: Mounting plugin UObjectPlugin
LogPluginManager: Mounting plugin VisualStudioSourceCodeAccess
LogPluginManager: Mounting plugin AutomationUtils
LogPluginManager: Mounting plugin CryptoKeys
LogPluginManager: Mounting plugin CurveEditorTools
LogPluginManager: Mounting plugin DataValidation
LogPluginManager: Mounting plugin BackChannel
LogPluginManager: Mounting plugin VariantManagerContent
LogPluginManager: Mounting plugin ChaosClothEditor
LogPluginManager: Mounting plugin FacialAnimation
LogPluginManager: Mounting plugin GameplayTagsEditor
LogPluginManager: Mounting plugin GeometryMode
LogPluginManager: Mounting plugin ChaosCloth
LogPluginManager: Mounting plugin ChaosEditor
LogPluginManager: Mounting plugin ChaosNiagara
LogPluginManager: Mounting plugin ChaosSolverPlugin
LogPluginManager: Mounting plugin MacGraphicsSwitching
LogPluginManager: Mounting plugin MaterialAnalyzer
LogPluginManager: Mounting plugin CharacterAI
LogPluginManager: Mounting plugin MobileLauncherProfileWizard
LogPluginManager: Mounting plugin PluginBrowser
LogPluginManager: Mounting plugin SpeedTreeImporter
LogPluginManager: Mounting plugin GeometryCache
LogPluginManager: Mounting plugin GeometryCollectionPlugin
LogPluginManager: Mounting plugin GeometryProcessing
LogPluginManager: Mounting plugin MotoSynth
LogPluginManager: Mounting plugin OpenImageDenoise
LogPluginManager: Mounting plugin Niagara
LogPluginManager: Mounting plugin PlanarCut
LogPluginManager: Mounting plugin PlatformCrypto
LogPluginManager: Mounting plugin ProxyLODPlugin
LogPluginManager: Mounting plugin LuminPlatformFeatures
LogPluginManager: Mounting plugin PythonScriptPlugin
LogPluginManager: Mounting plugin MagicLeap
LogPluginManager: Mounting plugin SkeletalReduction
LogPluginManager: Mounting plugin AndroidMedia
LogPluginManager: Mounting plugin MagicLeapLightEstimation
LogPluginManager: Mounting plugin MagicLeapMedia
LogPluginManager: Mounting plugin AvfMedia
LogPluginManager: Mounting plugin MagicLeapPassableWorld
LogPluginManager: Mounting plugin MLSDK
LogPluginManager: Mounting plugin TcpMessaging
LogPluginManager: Mounting plugin UdpMessaging
LogPluginManager: Mounting plugin LevelSequenceEditor
LogPluginManager: Mounting plugin ImgMedia
LogPluginManager: Mounting plugin MatineeToLevelSequence
LogPluginManager: Mounting plugin MediaCompositing
LogPluginManager: Mounting plugin ActorSequence
LogPluginManager: Mounting plugin MediaPlayerEditor
LogPluginManager: Mounting plugin WebMMedia
LogPluginManager: Mounting plugin WmfMedia
LogPluginManager: Mounting plugin OnlineSubsystem
LogPluginManager: Mounting plugin TemplateSequence
LogPluginManager: Mounting plugin LauncherChunkInstaller
LogPluginManager: Mounting plugin ActorLayerUtilities
LogPluginManager: Mounting plugin OnlineSubsystemNull
LogPluginManager: Mounting plugin OnlineSubsystemUtils
LogPluginManager: Mounting plugin AndroidDeviceProfileSelector
LogPluginManager: Mounting plugin AndroidMoviePlayer
LogPluginManager: Mounting plugin AndroidPermission
LogPluginManager: Mounting plugin AppleMoviePlayer
LogPluginManager: Mounting plugin AppleImageUtils
LogPluginManager: Mounting plugin ArchVisCharacter
LogPluginManager: Mounting plugin AssetTags
LogPluginManager: Mounting plugin AudioCapture
LogPluginManager: Mounting plugin CableComponent
LogPluginManager: Mounting plugin AudioSynesthesia
LogPluginManager: Mounting plugin CustomMeshComponent
LogPluginManager: Mounting plugin ChunkDownloader
LogPluginManager: Mounting plugin ExampleDeviceProfileSelector
LogPluginManager: Mounting plugin EditableMesh
LogPluginManager: Mounting plugin GoogleCloudMessaging
LogPluginManager: Mounting plugin GooglePAD
LogPluginManager: Mounting plugin IOSDeviceProfileSelector
LogPluginManager: Mounting plugin ScreenshotTools
LogPluginManager: Mounting plugin LinuxDeviceProfileSelector
LogPluginManager: Mounting plugin LocationServicesBPLibrary
LogPluginManager: Mounting plugin MobilePatchingUtils
LogPluginManager: Mounting plugin OpenXR
LogPluginManager: Mounting plugin OpenXREyeTracker
LogPluginManager: Mounting plugin OpenXRHandTracking
LogPluginManager: Mounting plugin PhysXVehicles
LogPluginManager: Mounting plugin PostSplashScreen
LogPluginManager: Mounting plugin Takes
LogPluginManager: Mounting plugin ProceduralMeshComponent
LogPluginManager: Mounting plugin PropertyAccessEditor
LogPluginManager: Mounting plugin SignificanceManager
LogPluginManager: Mounting plugin RuntimePhysXCooking
LogPluginManager: Mounting plugin SoundVisualizations
LogPluginManager: Mounting plugin SoundFields
LogPluginManager: Mounting plugin Spatialization
LogPluginManager: Mounting plugin Synthesis
LogPluginManager: Mounting plugin WebMMoviePlayer
LogPluginManager: Mounting plugin WindowsMoviePlayer
LogPluginManager: Mounting plugin ContentBrowserAssetDataSource
LogPluginManager: Mounting plugin ContentBrowserFileDataSource
LogPluginManager: Mounting plugin ContentBrowserClassDataSource
LogPluginManager: Mounting plugin OnlineSubsystemGooglePlay
LogPluginManager: Mounting plugin OnlineSubsystemIOS
LogPluginManager: Mounting plugin OculusVR
LogPluginManager: Mounting plugin SteamVR
PixWinPlugin: PIX capture plugin failed to initialize! Check that the process is launched from PIX.
LogInit: Using libcurl 7.55.1-DEV
LogInit:  - built for x86_64-pc-win32
LogInit:  - supports SSL with OpenSSL/1.1.1
LogInit:  - supports HTTP deflate (compression) using libz 1.2.8
LogInit:  - other features:
LogInit:      CURL_VERSION_SSL
LogInit:      CURL_VERSION_LIBZ
LogInit:      CURL_VERSION_IPV6
LogInit:      CURL_VERSION_ASYNCHDNS
LogInit:      CURL_VERSION_LARGEFILE
LogInit:      CURL_VERSION_IDN
LogInit:  CurlRequestOptions (configurable via config and command line):
LogInit:  - bVerifyPeer = true  - Libcurl will verify peer certificate
LogInit:  - bUseHttpProxy = false  - Libcurl will NOT use HTTP proxy
LogInit:  - bDontReuseConnections = false  - Libcurl will reuse connections
LogInit:  - MaxHostConnections = 16  - Libcurl will limit the number of connections to a host
LogInit:  - LocalHostAddr = Default
LogInit:  - BufferSize = 65536
LogOnline: OSS: Creating online subsystem instance for: NULL
LogInit: WinSock: version 1.1 (2.2), MaxSocks=32767, MaxUdp=65467
LogOnline: OSS: TryLoadSubsystemAndSetDefault: Loaded subsystem for module [NULL]
LogOculusPluginWrapper: OculusPlugin initialized successfully
LogHMD: Failed initializing OVRPlugin 1.59.0
LogInit: Build: ++UE4+Release-4.27-CL-18319896
LogInit: Engine Version: 4.27.2-18319896+++UE4+Release-4.27
LogInit: Compatible Engine Version: 4.27.0-17155196+++UE4+Release-4.27
LogInit: Net CL: 17155196
LogInit: OS: Windows 10 (Release 2009) (), CPU: AMD Ryzen 9 3900X 12-Core Processor            , GPU: NVIDIA GeForce RTX 2060
LogInit: Compiled (64-bit): Nov 30 2021 07:12:08
LogInit: Compiled with Visual C++: 19.24.28315.00
LogInit: Build Configuration: Development
LogInit: Branch Name: ++UE4+Release-4.27
LogInit: Command Line: 
LogInit: Base Directory: D:/Jeux/UE_4.27/Engine/Binaries/Win64/
LogInit: Allocator: TBB
LogInit: Installed Engine Build: 1
LogDevObjectVersion: Number of dev versions registered: 29
LogDevObjectVersion:   Dev-Blueprints (B0D832E4-1F89-4F0D-ACCF-7EB736FD4AA2): 10
LogDevObjectVersion:   Dev-Build (E1C64328-A22C-4D53-A36C-8E866417BD8C): 0
LogDevObjectVersion:   Dev-Core (375EC13C-06E4-48FB-B500-84F0262A717E): 4
LogDevObjectVersion:   Dev-Editor (E4B068ED-F494-42E9-A231-DA0B2E46BB41): 40
LogDevObjectVersion:   Dev-Framework (CFFC743F-43B0-4480-9391-14DF171D2073): 37
LogDevObjectVersion:   Dev-Mobile (B02B49B5-BB20-44E9-A304-32B752E40360): 3
LogDevObjectVersion:   Dev-Networking (A4E4105C-59A1-49B5-A7C5-40C4547EDFEE): 0
LogDevObjectVersion:   Dev-Online (39C831C9-5AE6-47DC-9A44-9C173E1C8E7C): 0
LogDevObjectVersion:   Dev-Physics (78F01B33-EBEA-4F98-B9B4-84EACCB95AA2): 14
LogDevObjectVersion:   Dev-Platform (6631380F-2D4D-43E0-8009-CF276956A95A): 0
LogDevObjectVersion:   Dev-Rendering (12F88B9F-8875-4AFC-A67C-D90C383ABD29): 45
LogDevObjectVersion:   Dev-Sequencer (7B5AE74C-D270-4C10-A958-57980B212A5A): 13
LogDevObjectVersion:   Dev-VR (D7296918-1DD6-4BDD-9DE2-64A83CC13884): 3
LogDevObjectVersion:   Dev-LoadTimes (C2A15278-BFE7-4AFE-6C17-90FF531DF755): 1
LogDevObjectVersion:   Private-Geometry (6EACA3D4-40EC-4CC1-B786-8BED09428FC5): 3
LogDevObjectVersion:   Dev-AnimPhys (29E575DD-E0A3-4627-9D10-D276232CDCEA): 17
LogDevObjectVersion:   Dev-Anim (AF43A65D-7FD3-4947-9873-3E8ED9C1BB05): 15
LogDevObjectVersion:   Dev-ReflectionCapture (6B266CEC-1EC7-4B8F-A30B-E4D90942FC07): 1
LogDevObjectVersion:   Dev-Automation (0DF73D61-A23F-47EA-B727-89E90C41499A): 1
LogDevObjectVersion:   FortniteMain (601D1886-AC64-4F84-AA16-D3DE0DEAC7D6): 47
LogDevObjectVersion:   FortniteRelease (E7086368-6B23-4C58-8439-1B7016265E91): 1
LogDevObjectVersion:   Dev-Enterprise (9DFFBCD6-494F-0158-E221-12823C92A888): 10
LogDevObjectVersion:   Dev-Niagara (F2AED0AC-9AFE-416F-8664-AA7FFA26D6FC): 1
LogDevObjectVersion:   Dev-Destruction (174F1F0B-B4C6-45A5-B13F-2EE8D0FB917D): 10
LogDevObjectVersion:   Dev-Physics-Ext (35F94A83-E258-406C-A318-09F59610247C): 41
LogDevObjectVersion:   Dev-PhysicsMaterial-Chaos (B68FC16E-8B1B-42E2-B453-215C058844FE): 1
LogDevObjectVersion:   Dev-CineCamera (B2E18506-4273-CFC2-A54E-F4BB758BBA07): 1
LogDevObjectVersion:   Dev-VirtualProduction (64F58936-FD1B-42BA-BA96-7289D5D0FA4E): 1
LogDevObjectVersion:   Dev-MediaFramework (6F0ED827-A609-4895-9C91-998D90180EA4): 2
LogInit: Presizing for max 25165824 objects, including 0 objects not considered by GC, pre-allocating 0 bytes for permanent pool.
LogConfig: Applying CVar settings from Section [/Script/Engine.StreamingSettings] File [D:/Cours/Github/CandleUnreal/Saved/Config/Windows/Engine.ini]
LogConfig: Setting CVar [[s.MinBulkDataSizeForAsyncLoading:131072]]
LogConfig: Setting CVar [[s.AsyncLoadingThreadEnabled:0]]
LogConfig: Setting CVar [[s.EventDrivenLoaderEnabled:1]]
LogConfig: Setting CVar [[s.WarnIfTimeLimitExceeded:0]]
LogConfig: Setting CVar [[s.TimeLimitExceededMultiplier:1.5]]
LogConfig: Setting CVar [[s.TimeLimitExceededMinTime:0.005]]
LogConfig: Setting CVar [[s.UseBackgroundLevelStreaming:1]]
LogConfig: Setting CVar [[s.PriorityAsyncLoadingExtraTime:15.0]]
LogConfig: Setting CVar [[s.LevelStreamingActorsUpdateTimeLimit:5.0]]
LogConfig: Setting CVar [[s.PriorityLevelStreamingActorsUpdateExtraTime:5.0]]
LogConfig: Setting CVar [[s.LevelStreamingComponentsRegistrationGranularity:10]]
LogConfig: Setting CVar [[s.UnregisterComponentsTimeLimit:1.0]]
LogConfig: Setting CVar [[s.LevelStreamingComponentsUnregistrationGranularity:5]]
LogConfig: Setting CVar [[s.FlushStreamingOnExit:1]]
LogInit: Object subsystem initialized
LogConfig: Setting CVar [[con.DebugEarlyDefault:1]]
LogConfig: Setting CVar [[r.setres:1280x720]]
[2022.06.12-16.33.57:180][  0]LogConfig: Setting CVar [[r.VSync:0]]
[2022.06.12-16.33.57:180][  0]LogConfig: Setting CVar [[r.RHICmdBypass:0]]
[2022.06.12-16.33.57:180][  0]LogConfig: Applying CVar settings from Section [/Script/Engine.RendererSettings] File [D:/Cours/Github/CandleUnreal/Saved/Config/Windows/Engine.ini]
[2022.06.12-16.33.57:180][  0]LogConfig: Setting CVar [[r.GPUCrashDebugging:0]]
[2022.06.12-16.33.57:180][  0]LogConfig: Setting CVar [[r.Shadow.UnbuiltPreviewInGame:1]]
[2022.06.12-16.33.57:180][  0]LogConfig: Setting CVar [[r.DefaultFeature.AutoExposure:0]]
[2022.06.12-16.33.57:180][  0]LogConfig: Setting CVar [[r.DefaultFeature.MotionBlur:0]]
[2022.06.12-16.33.57:180][  0]LogConfig: Setting CVar [[r.CustomDepth:3]]
[2022.06.12-16.33.57:180][  0]LogConfig: Applying CVar settings from Section [/Script/Engine.RendererOverrideSettings] File [D:/Cours/Github/CandleUnreal/Saved/Config/Windows/Engine.ini]
[2022.06.12-16.33.57:181][  0]LogConfig: Applying CVar settings from Section [/Script/Engine.StreamingSettings] File [D:/Cours/Github/CandleUnreal/Saved/Config/Windows/Engine.ini]
[2022.06.12-16.33.57:181][  0]LogConfig: Setting CVar [[s.MinBulkDataSizeForAsyncLoading:131072]]
[2022.06.12-16.33.57:181][  0]LogConfig: Setting CVar [[s.AsyncLoadingThreadEnabled:0]]
[2022.06.12-16.33.57:181][  0]LogConfig: Setting CVar [[s.EventDrivenLoaderEnabled:1]]
[2022.06.12-16.33.57:181][  0]LogConfig: Setting CVar [[s.WarnIfTimeLimitExceeded:0]]
[2022.06.12-16.33.57:181][  0]LogConfig: Setting CVar [[s.TimeLimitExceededMultiplier:1.5]]
[2022.06.12-16.33.57:181][  0]LogConfig: Setting CVar [[s.TimeLimitExceededMinTime:0.005]]
[2022.06.12-16.33.57:181][  0]LogConfig: Setting CVar [[s.UseBackgroundLevelStreaming:1]]
[2022.06.12-16.33.57:181][  0]LogConfig: Setting CVar [[s.PriorityAsyncLoadingExtraTime:15.0]]
[2022.06.12-16.33.57:181][  0]LogConfig: Setting CVar [[s.LevelStreamingActorsUpdateTimeLimit:5.0]]
[2022.06.12-16.33.57:181][  0]LogConfig: Setting CVar [[s.PriorityLevelStreamingActorsUpdateExtraTime:5.0]]
[2022.06.12-16.33.57:181][  0]LogConfig: Setting CVar [[s.LevelStreamingComponentsRegistrationGranularity:10]]
[2022.06.12-16.33.57:181][  0]LogConfig: Setting CVar [[s.UnregisterComponentsTimeLimit:1.0]]
[2022.06.12-16.33.57:181][  0]LogConfig: Setting CVar [[s.LevelStreamingComponentsUnregistrationGranularity:5]]
[2022.06.12-16.33.57:181][  0]LogConfig: Setting CVar [[s.FlushStreamingOnExit:1]]
[2022.06.12-16.33.57:181][  0]LogConfig: Applying CVar settings from Section [/Script/Engine.GarbageCollectionSettings] File [D:/Cours/Github/CandleUnreal/Saved/Config/Windows/Engine.ini]
[2022.06.12-16.33.57:181][  0]LogConfig: Setting CVar [[gc.MaxObjectsNotConsideredByGC:1]]
[2022.06.12-16.33.57:181][  0]LogConfig: Setting CVar [[gc.SizeOfPermanentObjectPool:0]]
[2022.06.12-16.33.57:181][  0]LogConfig: Setting CVar [[gc.FlushStreamingOnGC:0]]
[2022.06.12-16.33.57:181][  0]LogConfig: Setting CVar [[gc.NumRetriesBeforeForcingGC:10]]
[2022.06.12-16.33.57:181][  0]LogConfig: Setting CVar [[gc.AllowParallelGC:1]]
[2022.06.12-16.33.57:181][  0]LogConfig: Setting CVar [[gc.TimeBetweenPurgingPendingKillObjects:61.1]]
[2022.06.12-16.33.57:181][  0]LogConfig: Setting CVar [[gc.MaxObjectsInEditor:25165824]]
[2022.06.12-16.33.57:181][  0]LogConfig: Setting CVar [[gc.IncrementalBeginDestroyEnabled:1]]
[2022.06.12-16.33.57:181][  0]LogConfig: Setting CVar [[gc.CreateGCClusters:1]]
[2022.06.12-16.33.57:181][  0]LogConfig: Setting CVar [[gc.MinGCClusterSize:5]]
[2022.06.12-16.33.57:181][  0]LogConfig: Setting CVar [[gc.ActorClusteringEnabled:0]]
[2022.06.12-16.33.57:181][  0]LogConfig: Setting CVar [[gc.BlueprintClusteringEnabled:0]]
[2022.06.12-16.33.57:181][  0]LogConfig: Setting CVar [[gc.UseDisregardForGCOnDedicatedServers:0]]
[2022.06.12-16.33.57:181][  0]LogConfig: Setting CVar [[gc.MultithreadedDestructionEnabled:1]]
[2022.06.12-16.33.57:181][  0]LogConfig: Applying CVar settings from Section [/Script/Engine.NetworkSettings] File [D:/Cours/Github/CandleUnreal/Saved/Config/Windows/Engine.ini]
[2022.06.12-16.33.57:181][  0]LogConfig: Applying CVar settings from Section [/Script/UnrealEd.CookerSettings] File [D:/Cours/Github/CandleUnreal/Saved/Config/Windows/Engine.ini]
[2022.06.12-16.33.57:220][  0]LogConfig: Applying CVar settings from Section [ViewDistanceQuality@3] File [D:/Cours/Github/CandleUnreal/Saved/Config/Windows/Scalability.ini]
[2022.06.12-16.33.57:220][  0]LogConfig: Setting CVar [[r.SkeletalMeshLODBias:0]]
[2022.06.12-16.33.57:220][  0]LogConfig: Setting CVar [[r.ViewDistanceScale:1.0]]
[2022.06.12-16.33.57:220][  0]LogConfig: Applying CVar settings from Section [AntiAliasingQuality@3] File [D:/Cours/Github/CandleUnreal/Saved/Config/Windows/Scalability.ini]
[2022.06.12-16.33.57:220][  0]LogConfig: Setting CVar [[r.PostProcessAAQuality:4]]
[2022.06.12-16.33.57:220][  0]LogConfig: Applying CVar settings from Section [ShadowQuality@3] File [D:/Cours/Github/CandleUnreal/Saved/Config/Windows/Scalability.ini]
[2022.06.12-16.33.57:220][  0]LogConfig: Setting CVar [[r.LightFunctionQuality:1]]
[2022.06.12-16.33.57:220][  0]LogConfig: Setting CVar [[r.ShadowQuality:5]]
[2022.06.12-16.33.57:220][  0]LogConfig: Setting CVar [[r.Shadow.CSM.MaxCascades:10]]
[2022.06.12-16.33.57:220][  0]LogConfig: Setting CVar [[r.Shadow.MaxResolution:2048]]
[2022.06.12-16.33.57:220][  0]LogConfig: Setting CVar [[r.Shadow.MaxCSMResolution:2048]]
[2022.06.12-16.33.57:220][  0]LogConfig: Setting CVar [[r.Shadow.RadiusThreshold:0.01]]
[2022.06.12-16.33.57:220][  0]LogConfig: Setting CVar [[r.Shadow.DistanceScale:1.0]]
[2022.06.12-16.33.57:220][  0]LogConfig: Setting CVar [[r.Shadow.CSM.TransitionScale:1.0]]
[2022.06.12-16.33.57:220][  0]LogConfig: Setting CVar [[r.Shadow.PreShadowResolutionFactor:1.0]]
[2022.06.12-16.33.57:220][  0]LogConfig: Setting CVar [[r.DistanceFieldShadowing:1]]
[2022.06.12-16.33.57:220][  0]LogConfig: Setting CVar [[r.DistanceFieldAO:1]]
[2022.06.12-16.33.57:220][  0]LogConfig: Setting CVar [[r.AOQuality:2]]
[2022.06.12-16.33.57:220][  0]LogConfig: Setting CVar [[r.VolumetricFog:1]]
[2022.06.12-16.33.57:220][  0]LogConfig: Setting CVar [[r.VolumetricFog.GridPixelSize:8]]
[2022.06.12-16.33.57:220][  0]LogConfig: Setting CVar [[r.VolumetricFog.GridSizeZ:128]]
[2022.06.12-16.33.57:220][  0]LogConfig: Setting CVar [[r.VolumetricFog.HistoryMissSupersampleCount:4]]
[2022.06.12-16.33.57:220][  0]LogConfig: Setting CVar [[r.LightMaxDrawDistanceScale:1]]
[2022.06.12-16.33.57:220][  0]LogConfig: Setting CVar [[r.CapsuleShadows:1]]
[2022.06.12-16.33.57:220][  0]LogConfig: Applying CVar settings from Section [PostProcessQuality@3] File [D:/Cours/Github/CandleUnreal/Saved/Config/Windows/Scalability.ini]
[2022.06.12-16.33.57:220][  0]LogConfig: Setting CVar [[r.MotionBlurQuality:4]]
[2022.06.12-16.33.57:220][  0]LogConfig: Setting CVar [[r.AmbientOcclusionMipLevelFactor:0.4]]
[2022.06.12-16.33.57:220][  0]LogConfig: Setting CVar [[r.AmbientOcclusionMaxQuality:100]]
[2022.06.12-16.33.57:220][  0]LogConfig: Setting CVar [[r.AmbientOcclusionLevels:-1]]
[2022.06.12-16.33.57:220][  0]LogConfig: Setting CVar [[r.AmbientOcclusionRadiusScale:1.0]]
[2022.06.12-16.33.57:220][  0]LogConfig: Setting CVar [[r.DepthOfFieldQuality:2]]
[2022.06.12-16.33.57:220][  0]LogConfig: Setting CVar [[r.RenderTargetPoolMin:400]]
[2022.06.12-16.33.57:220][  0]LogConfig: Setting CVar [[r.LensFlareQuality:2]]
[2022.06.12-16.33.57:220][  0]LogConfig: Setting CVar [[r.SceneColorFringeQuality:1]]
[2022.06.12-16.33.57:220][  0]LogConfig: Setting CVar [[r.EyeAdaptationQuality:2]]
[2022.06.12-16.33.57:220][  0]LogConfig: Setting CVar [[r.BloomQuality:5]]
[2022.06.12-16.33.57:220][  0]LogConfig: Setting CVar [[r.FastBlurThreshold:100]]
[2022.06.12-16.33.57:220][  0]LogConfig: Setting CVar [[r.Upscale.Quality:3]]
[2022.06.12-16.33.57:220][  0]LogConfig: Setting CVar [[r.Tonemapper.GrainQuantization:1]]
[2022.06.12-16.33.57:220][  0]LogConfig: Setting CVar [[r.LightShaftQuality:1]]
[2022.06.12-16.33.57:220][  0]LogConfig: Setting CVar [[r.Filter.SizeScale:1]]
[2022.06.12-16.33.57:220][  0]LogConfig: Setting CVar [[r.Tonemapper.Quality:5]]
[2022.06.12-16.33.57:220][  0]LogConfig: Setting CVar [[r.DOF.Gather.AccumulatorQuality:1        ; higher gathering accumulator quality]]
[2022.06.12-16.33.57:220][  0]LogConfig: Setting CVar [[r.DOF.Gather.PostfilterMethod:1          ; Median3x3 postfilering method]]
[2022.06.12-16.33.57:220][  0]LogConfig: Setting CVar [[r.DOF.Gather.EnableBokehSettings:0       ; no bokeh simulation when gathering]]
[2022.06.12-16.33.57:220][  0]LogConfig: Setting CVar [[r.DOF.Gather.RingCount:4                 ; medium number of samples when gathering]]
[2022.06.12-16.33.57:220][  0]LogConfig: Setting CVar [[r.DOF.Scatter.ForegroundCompositing:1    ; additive foreground scattering]]
[2022.06.12-16.33.57:220][  0]LogConfig: Setting CVar [[r.DOF.Scatter.BackgroundCompositing:2    ; additive background scattering]]
[2022.06.12-16.33.57:220][  0]LogConfig: Setting CVar [[r.DOF.Scatter.EnableBokehSettings:1      ; bokeh simulation when scattering]]
[2022.06.12-16.33.57:220][  0]LogConfig: Setting CVar [[r.DOF.Scatter.MaxSpriteRatio:0.1         ; only a maximum of 10% of scattered bokeh]]
[2022.06.12-16.33.57:220][  0]LogConfig: Setting CVar [[r.DOF.Recombine.Quality:1                ; cheap slight out of focus]]
[2022.06.12-16.33.57:220][  0]LogConfig: Setting CVar [[r.DOF.Recombine.EnableBokehSettings:0    ; no bokeh simulation on slight out of focus]]
[2022.06.12-16.33.57:220][  0]LogConfig: Setting CVar [[r.DOF.TemporalAAQuality:1                ; more stable temporal accumulation]]
[2022.06.12-16.33.57:220][  0]LogConfig: Setting CVar [[r.DOF.Kernel.MaxForegroundRadius:0.025]]
[2022.06.12-16.33.57:220][  0]LogConfig: Setting CVar [[r.DOF.Kernel.MaxBackgroundRadius:0.025]]
[2022.06.12-16.33.57:220][  0]LogConfig: Applying CVar settings from Section [TextureQuality@3] File [D:/Cours/Github/CandleUnreal/Saved/Config/Windows/Scalability.ini]
[2022.06.12-16.33.57:220][  0]LogConfig: Setting CVar [[r.Streaming.MipBias:0]]
[2022.06.12-16.33.57:220][  0]LogConfig: Setting CVar [[r.Streaming.AmortizeCPUToGPUCopy:0]]
[2022.06.12-16.33.57:220][  0]LogConfig: Setting CVar [[r.Streaming.MaxNumTexturesToStreamPerFrame:0]]
[2022.06.12-16.33.57:220][  0]LogConfig: Setting CVar [[r.Streaming.Boost:1]]
[2022.06.12-16.33.57:220][  0]LogConfig: Setting CVar [[r.MaxAnisotropy:8]]
[2022.06.12-16.33.57:221][  0]LogConfig: Setting CVar [[r.VT.MaxAnisotropy:8]]
[2022.06.12-16.33.57:221][  0]LogConfig: Setting CVar [[r.Streaming.LimitPoolSizeToVRAM:0]]
[2022.06.12-16.33.57:221][  0]LogConfig: Setting CVar [[r.Streaming.PoolSize:1000]]
[2022.06.12-16.33.57:221][  0]LogConfig: Setting CVar [[r.Streaming.MaxEffectiveScreenSize:0]]
[2022.06.12-16.33.57:221][  0]LogConfig: Applying CVar settings from Section [EffectsQuality@3] File [D:/Cours/Github/CandleUnreal/Saved/Config/Windows/Scalability.ini]
[2022.06.12-16.33.57:221][  0]LogConfig: Setting CVar [[r.TranslucencyLightingVolumeDim:64]]
[2022.06.12-16.33.57:221][  0]LogConfig: Setting CVar [[r.RefractionQuality:2]]
[2022.06.12-16.33.57:221][  0]LogConfig: Setting CVar [[r.SSR.Quality:3]]
[2022.06.12-16.33.57:221][  0]LogConfig: Setting CVar [[r.SSR.HalfResSceneColor:0]]
[2022.06.12-16.33.57:221][  0]LogConfig: Setting CVar [[r.SceneColorFormat:4]]
[2022.06.12-16.33.57:221][  0]LogConfig: Setting CVar [[r.DetailMode:2]]
[2022.06.12-16.33.57:221][  0]LogConfig: Setting CVar [[r.TranslucencyVolumeBlur:1]]
[2022.06.12-16.33.57:221][  0]LogConfig: Setting CVar [[r.MaterialQualityLevel:1 ; High quality]]
[2022.06.12-16.33.57:221][  0]LogConfig: Setting CVar [[r.AnisotropicMaterials:1]]
[2022.06.12-16.33.57:221][  0]LogConfig: Setting CVar [[r.SSS.Scale:1]]
[2022.06.12-16.33.57:221][  0]LogConfig: Setting CVar [[r.SSS.SampleSet:2]]
[2022.06.12-16.33.57:221][  0]LogConfig: Setting CVar [[r.SSS.Quality:1]]
[2022.06.12-16.33.57:221][  0]LogConfig: Setting CVar [[r.SSS.HalfRes:0]]
[2022.06.12-16.33.57:221][  0]LogConfig: Setting CVar [[r.SSGI.Quality:3]]
[2022.06.12-16.33.57:221][  0]LogConfig: Setting CVar [[r.EmitterSpawnRateScale:1.0]]
[2022.06.12-16.33.57:221][  0]LogConfig: Setting CVar [[r.ParticleLightQuality:2]]
[2022.06.12-16.33.57:221][  0]LogConfig: Setting CVar [[r.SkyAtmosphere.AerialPerspectiveLUT.FastApplyOnOpaque:1 ; Always have FastSkyLUT 1 in this case to avoid wrong sky]]
[2022.06.12-16.33.57:221][  0]LogConfig: Setting CVar [[r.SkyAtmosphere.AerialPerspectiveLUT.SampleCountMaxPerSlice:4]]
[2022.06.12-16.33.57:221][  0]LogConfig: Setting CVar [[r.SkyAtmosphere.AerialPerspectiveLUT.DepthResolution:16.0]]
[2022.06.12-16.33.57:221][  0]LogConfig: Setting CVar [[r.SkyAtmosphere.FastSkyLUT:1]]
[2022.06.12-16.33.57:221][  0]LogConfig: Setting CVar [[r.SkyAtmosphere.FastSkyLUT.SampleCountMin:4.0]]
[2022.06.12-16.33.57:221][  0]LogConfig: Setting CVar [[r.SkyAtmosphere.FastSkyLUT.SampleCountMax:128.0]]
[2022.06.12-16.33.57:221][  0]LogConfig: Setting CVar [[r.SkyAtmosphere.SampleCountMin:4.0]]
[2022.06.12-16.33.57:221][  0]LogConfig: Setting CVar [[r.SkyAtmosphere.SampleCountMax:128.0]]
[2022.06.12-16.33.57:221][  0]LogConfig: Setting CVar [[r.SkyAtmosphere.TransmittanceLUT.UseSmallFormat:0]]
[2022.06.12-16.33.57:221][  0]LogConfig: Setting CVar [[r.SkyAtmosphere.TransmittanceLUT.SampleCount:10.0]]
[2022.06.12-16.33.57:221][  0]LogConfig: Setting CVar [[r.SkyAtmosphere.MultiScatteringLUT.SampleCount:15.0]]
[2022.06.12-16.33.57:221][  0]LogConfig: Setting CVar [[r.SkyLight.RealTimeReflectionCapture:1]]
[2022.06.12-16.33.57:221][  0]LogConfig: Applying CVar settings from Section [FoliageQuality@3] File [D:/Cours/Github/CandleUnreal/Saved/Config/Windows/Scalability.ini]
[2022.06.12-16.33.57:221][  0]LogConfig: Setting CVar [[foliage.DensityScale:1.0]]
[2022.06.12-16.33.57:221][  0]LogConfig: Setting CVar [[grass.DensityScale:1.0]]
[2022.06.12-16.33.57:221][  0]LogConfig: Applying CVar settings from Section [ShadingQuality@3] File [D:/Cours/Github/CandleUnreal/Saved/Config/Windows/Scalability.ini]
[2022.06.12-16.33.57:221][  0]LogConfig: Setting CVar [[r.HairStrands.SkyLighting.IntegrationType:2]]
[2022.06.12-16.33.57:221][  0]LogConfig: Setting CVar [[r.HairStrands.SkyAO.SampleCount:4]]
[2022.06.12-16.33.57:221][  0]LogConfig: Setting CVar [[r.HairStrands.Visibility.MSAA.SamplePerPixel:4]]
[2022.06.12-16.33.57:221][  0]LogInit: Selected Device Profile: [Windows]
[2022.06.12-16.33.57:221][  0]LogInit: Applying CVar settings loaded from the selected device profile: [Windows]
[2022.06.12-16.33.57:221][  0]LogHAL: Display: Platform has ~ 32 GB [34277588992 / 34359738368 / 32], which maps to Largest [LargestMinGB=32, LargerMinGB=12, DefaultMinGB=8, SmallerMinGB=6, SmallestMinGB=0)
[2022.06.12-16.33.57:221][  0]LogInit: Going up to parent DeviceProfile []
[2022.06.12-16.33.57:221][  0]LogConfig: Applying CVar settings from Section [ViewDistanceQuality@3] File [D:/Cours/Github/CandleUnreal/Saved/Config/Windows/Scalability.ini]
[2022.06.12-16.33.57:221][  0]LogConfig: Setting CVar [[r.SkeletalMeshLODBias:0]]
[2022.06.12-16.33.57:221][  0]LogConfig: Setting CVar [[r.ViewDistanceScale:1.0]]
[2022.06.12-16.33.57:221][  0]LogConfig: Applying CVar settings from Section [AntiAliasingQuality@3] File [D:/Cours/Github/CandleUnreal/Saved/Config/Windows/Scalability.ini]
[2022.06.12-16.33.57:221][  0]LogConfig: Setting CVar [[r.PostProcessAAQuality:4]]
[2022.06.12-16.33.57:221][  0]LogConfig: Applying CVar settings from Section [ShadowQuality@3] File [D:/Cours/Github/CandleUnreal/Saved/Config/Windows/Scalability.ini]
[2022.06.12-16.33.57:221][  0]LogConfig: Setting CVar [[r.LightFunctionQuality:1]]
[2022.06.12-16.33.57:221][  0]LogConfig: Setting CVar [[r.ShadowQuality:5]]
[2022.06.12-16.33.57:221][  0]LogConfig: Setting CVar [[r.Shadow.CSM.MaxCascades:10]]
[2022.06.12-16.33.57:221][  0]LogConfig: Setting CVar [[r.Shadow.MaxResolution:2048]]
[2022.06.12-16.33.57:221][  0]LogConfig: Setting CVar [[r.Shadow.MaxCSMResolution:2048]]
[2022.06.12-16.33.57:221][  0]LogConfig: Setting CVar [[r.Shadow.RadiusThreshold:0.01]]
[2022.06.12-16.33.57:221][  0]LogConfig: Setting CVar [[r.Shadow.DistanceScale:1.0]]
[2022.06.12-16.33.57:221][  0]LogConfig: Setting CVar [[r.Shadow.CSM.TransitionScale:1.0]]
[2022.06.12-16.33.57:221][  0]LogConfig: Setting CVar [[r.Shadow.PreShadowResolutionFactor:1.0]]
[2022.06.12-16.33.57:221][  0]LogConfig: Setting CVar [[r.DistanceFieldShadowing:1]]
[2022.06.12-16.33.57:221][  0]LogConfig: Setting CVar [[r.DistanceFieldAO:1]]
[2022.06.12-16.33.57:221][  0]LogConfig: Setting CVar [[r.AOQuality:2]]
[2022.06.12-16.33.57:221][  0]LogConfig: Setting CVar [[r.VolumetricFog:1]]
[2022.06.12-16.33.57:221][  0]LogConfig: Setting CVar [[r.VolumetricFog.GridPixelSize:8]]
[2022.06.12-16.33.57:221][  0]LogConfig: Setting CVar [[r.VolumetricFog.GridSizeZ:128]]
[2022.06.12-16.33.57:221][  0]LogConfig: Setting CVar [[r.VolumetricFog.HistoryMissSupersampleCount:4]]
[2022.06.12-16.33.57:221][  0]LogConfig: Setting CVar [[r.LightMaxDrawDistanceScale:1]]
[2022.06.12-16.33.57:221][  0]LogConfig: Setting CVar [[r.CapsuleShadows:1]]
[2022.06.12-16.33.57:221][  0]LogConfig: Applying CVar settings from Section [PostProcessQuality@3] File [D:/Cours/Github/CandleUnreal/Saved/Config/Windows/Scalability.ini]
[2022.06.12-16.33.57:221][  0]LogConfig: Setting CVar [[r.MotionBlurQuality:4]]
[2022.06.12-16.33.57:221][  0]LogConfig: Setting CVar [[r.AmbientOcclusionMipLevelFactor:0.4]]
[2022.06.12-16.33.57:221][  0]LogConfig: Setting CVar [[r.AmbientOcclusionMaxQuality:100]]
[2022.06.12-16.33.57:221][  0]LogConfig: Setting CVar [[r.AmbientOcclusionLevels:-1]]
[2022.06.12-16.33.57:221][  0]LogConfig: Setting CVar [[r.AmbientOcclusionRadiusScale:1.0]]
[2022.06.12-16.33.57:221][  0]LogConfig: Setting CVar [[r.DepthOfFieldQuality:2]]
[2022.06.12-16.33.57:221][  0]LogConfig: Setting CVar [[r.RenderTargetPoolMin:400]]
[2022.06.12-16.33.57:221][  0]LogConfig: Setting CVar [[r.LensFlareQuality:2]]
[2022.06.12-16.33.57:221][  0]LogConfig: Setting CVar [[r.SceneColorFringeQuality:1]]
[2022.06.12-16.33.57:221][  0]LogConfig: Setting CVar [[r.EyeAdaptationQuality:2]]
[2022.06.12-16.33.57:221][  0]LogConfig: Setting CVar [[r.BloomQuality:5]]
[2022.06.12-16.33.57:221][  0]LogConfig: Setting CVar [[r.FastBlurThreshold:100]]
[2022.06.12-16.33.57:221][  0]LogConfig: Setting CVar [[r.Upscale.Quality:3]]
[2022.06.12-16.33.57:221][  0]LogConfig: Setting CVar [[r.Tonemapper.GrainQuantization:1]]
[2022.06.12-16.33.57:221][  0]LogConfig: Setting CVar [[r.LightShaftQuality:1]]
[2022.06.12-16.33.57:221][  0]LogConfig: Setting CVar [[r.Filter.SizeScale:1]]
[2022.06.12-16.33.57:221][  0]LogConfig: Setting CVar [[r.Tonemapper.Quality:5]]
[2022.06.12-16.33.57:222][  0]LogConfig: Setting CVar [[r.DOF.Gather.AccumulatorQuality:1        ; higher gathering accumulator quality]]
[2022.06.12-16.33.57:222][  0]LogConfig: Setting CVar [[r.DOF.Gather.PostfilterMethod:1          ; Median3x3 postfilering method]]
[2022.06.12-16.33.57:222][  0]LogConfig: Setting CVar [[r.DOF.Gather.EnableBokehSettings:0       ; no bokeh simulation when gathering]]
[2022.06.12-16.33.57:222][  0]LogConfig: Setting CVar [[r.DOF.Gather.RingCount:4                 ; medium number of samples when gathering]]
[2022.06.12-16.33.57:222][  0]LogConfig: Setting CVar [[r.DOF.Scatter.ForegroundCompositing:1    ; additive foreground scattering]]
[2022.06.12-16.33.57:222][  0]LogConfig: Setting CVar [[r.DOF.Scatter.BackgroundCompositing:2    ; additive background scattering]]
[2022.06.12-16.33.57:222][  0]LogConfig: Setting CVar [[r.DOF.Scatter.EnableBokehSettings:1      ; bokeh simulation when scattering]]
[2022.06.12-16.33.57:222][  0]LogConfig: Setting CVar [[r.DOF.Scatter.MaxSpriteRatio:0.1         ; only a maximum of 10% of scattered bokeh]]
[2022.06.12-16.33.57:222][  0]LogConfig: Setting CVar [[r.DOF.Recombine.Quality:1                ; cheap slight out of focus]]
[2022.06.12-16.33.57:222][  0]LogConfig: Setting CVar [[r.DOF.Recombine.EnableBokehSettings:0    ; no bokeh simulation on slight out of focus]]
[2022.06.12-16.33.57:222][  0]LogConfig: Setting CVar [[r.DOF.TemporalAAQuality:1                ; more stable temporal accumulation]]
[2022.06.12-16.33.57:222][  0]LogConfig: Setting CVar [[r.DOF.Kernel.MaxForegroundRadius:0.025]]
[2022.06.12-16.33.57:222][  0]LogConfig: Setting CVar [[r.DOF.Kernel.MaxBackgroundRadius:0.025]]
[2022.06.12-16.33.57:222][  0]LogConfig: Applying CVar settings from Section [TextureQuality@3] File [D:/Cours/Github/CandleUnreal/Saved/Config/Windows/Scalability.ini]
[2022.06.12-16.33.57:222][  0]LogConfig: Setting CVar [[r.Streaming.MipBias:0]]
[2022.06.12-16.33.57:222][  0]LogConfig: Setting CVar [[r.Streaming.AmortizeCPUToGPUCopy:0]]
[2022.06.12-16.33.57:222][  0]LogConfig: Setting CVar [[r.Streaming.MaxNumTexturesToStreamPerFrame:0]]
[2022.06.12-16.33.57:222][  0]LogConfig: Setting CVar [[r.Streaming.Boost:1]]
[2022.06.12-16.33.57:222][  0]LogConfig: Setting CVar [[r.MaxAnisotropy:8]]
[2022.06.12-16.33.57:222][  0]LogConfig: Setting CVar [[r.VT.MaxAnisotropy:8]]
[2022.06.12-16.33.57:222][  0]LogConfig: Setting CVar [[r.Streaming.LimitPoolSizeToVRAM:0]]
[2022.06.12-16.33.57:222][  0]LogConfig: Setting CVar [[r.Streaming.PoolSize:1000]]
[2022.06.12-16.33.57:222][  0]LogConfig: Setting CVar [[r.Streaming.MaxEffectiveScreenSize:0]]
[2022.06.12-16.33.57:222][  0]LogConfig: Applying CVar settings from Section [EffectsQuality@3] File [D:/Cours/Github/CandleUnreal/Saved/Config/Windows/Scalability.ini]
[2022.06.12-16.33.57:222][  0]LogConfig: Setting CVar [[r.TranslucencyLightingVolumeDim:64]]
[2022.06.12-16.33.57:222][  0]LogConfig: Setting CVar [[r.RefractionQuality:2]]
[2022.06.12-16.33.57:222][  0]LogConfig: Setting CVar [[r.SSR.Quality:3]]
[2022.06.12-16.33.57:222][  0]LogConfig: Setting CVar [[r.SSR.HalfResSceneColor:0]]
[2022.06.12-16.33.57:222][  0]LogConfig: Setting CVar [[r.SceneColorFormat:4]]
[2022.06.12-16.33.57:222][  0]LogConfig: Setting CVar [[r.DetailMode:2]]
[2022.06.12-16.33.57:222][  0]LogConfig: Setting CVar [[r.TranslucencyVolumeBlur:1]]
[2022.06.12-16.33.57:222][  0]LogConfig: Setting CVar [[r.MaterialQualityLevel:1 ; High quality]]
[2022.06.12-16.33.57:222][  0]LogConfig: Setting CVar [[r.AnisotropicMaterials:1]]
[2022.06.12-16.33.57:222][  0]LogConfig: Setting CVar [[r.SSS.Scale:1]]
[2022.06.12-16.33.57:222][  0]LogConfig: Setting CVar [[r.SSS.SampleSet:2]]
[2022.06.12-16.33.57:222][  0]LogConfig: Setting CVar [[r.SSS.Quality:1]]
[2022.06.12-16.33.57:222][  0]LogConfig: Setting CVar [[r.SSS.HalfRes:0]]
[2022.06.12-16.33.57:222][  0]LogConfig: Setting CVar [[r.SSGI.Quality:3]]
[2022.06.12-16.33.57:222][  0]LogConfig: Setting CVar [[r.EmitterSpawnRateScale:1.0]]
[2022.06.12-16.33.57:222][  0]LogConfig: Setting CVar [[r.ParticleLightQuality:2]]
[2022.06.12-16.33.57:222][  0]LogConfig: Setting CVar [[r.SkyAtmosphere.AerialPerspectiveLUT.FastApplyOnOpaque:1 ; Always have FastSkyLUT 1 in this case to avoid wrong sky]]
[2022.06.12-16.33.57:222][  0]LogConfig: Setting CVar [[r.SkyAtmosphere.AerialPerspectiveLUT.SampleCountMaxPerSlice:4]]
[2022.06.12-16.33.57:222][  0]LogConfig: Setting CVar [[r.SkyAtmosphere.AerialPerspectiveLUT.DepthResolution:16.0]]
[2022.06.12-16.33.57:222][  0]LogConfig: Setting CVar [[r.SkyAtmosphere.FastSkyLUT:1]]
[2022.06.12-16.33.57:222][  0]LogConfig: Setting CVar [[r.SkyAtmosphere.FastSkyLUT.SampleCountMin:4.0]]
[2022.06.12-16.33.57:222][  0]LogConfig: Setting CVar [[r.SkyAtmosphere.FastSkyLUT.SampleCountMax:128.0]]
[2022.06.12-16.33.57:222][  0]LogConfig: Setting CVar [[r.SkyAtmosphere.SampleCountMin:4.0]]
[2022.06.12-16.33.57:222][  0]LogConfig: Setting CVar [[r.SkyAtmosphere.SampleCountMax:128.0]]
[2022.06.12-16.33.57:222][  0]LogConfig: Setting CVar [[r.SkyAtmosphere.TransmittanceLUT.UseSmallFormat:0]]
[2022.06.12-16.33.57:222][  0]LogConfig: Setting CVar [[r.SkyAtmosphere.TransmittanceLUT.SampleCount:10.0]]
[2022.06.12-16.33.57:222][  0]LogConfig: Setting CVar [[r.SkyAtmosphere.MultiScatteringLUT.SampleCount:15.0]]
[2022.06.12-16.33.57:222][  0]LogConfig: Setting CVar [[r.SkyLight.RealTimeReflectionCapture:1]]
[2022.06.12-16.33.57:222][  0]LogConfig: Applying CVar settings from Section [FoliageQuality@3] File [D:/Cours/Github/CandleUnreal/Saved/Config/Windows/Scalability.ini]
[2022.06.12-16.33.57:222][  0]LogConfig: Setting CVar [[foliage.DensityScale:1.0]]
[2022.06.12-16.33.57:222][  0]LogConfig: Setting CVar [[grass.DensityScale:1.0]]
[2022.06.12-16.33.57:222][  0]LogConfig: Applying CVar settings from Section [ShadingQuality@3] File [D:/Cours/Github/CandleUnreal/Saved/Config/Windows/Scalability.ini]
[2022.06.12-16.33.57:222][  0]LogConfig: Setting CVar [[r.HairStrands.SkyLighting.IntegrationType:2]]
[2022.06.12-16.33.57:222][  0]LogConfig: Setting CVar [[r.HairStrands.SkyAO.SampleCount:4]]
[2022.06.12-16.33.57:222][  0]LogConfig: Setting CVar [[r.HairStrands.Visibility.MSAA.SamplePerPixel:4]]
[2022.06.12-16.33.57:222][  0]LogConfig: Applying CVar settings from Section [Startup] File [../../../Engine/Config/ConsoleVariables.ini]
[2022.06.12-16.33.57:222][  0]LogConfig: Setting CVar [[net.UseAdaptiveNetUpdateFrequency:0]]
[2022.06.12-16.33.57:222][  0]LogConfig: Setting CVar [[p.chaos.AllowCreatePhysxBodies:1]]
[2022.06.12-16.33.57:222][  0]LogConfig: Setting CVar [[fx.SkipVectorVMBackendOptimizations:1]]
[2022.06.12-16.33.57:222][  0]LogConfig: Applying CVar settings from Section [ConsoleVariables] File [D:/Cours/Github/CandleUnreal/Saved/Config/Windows/Engine.ini]
[2022.06.12-16.33.57:222][  0]LogConfig: Applying CVar settings from Section [ConsoleVariables] File [D:/Cours/Github/CandleUnreal/Saved/Config/Windows/Editor.ini]
[2022.06.12-16.33.57:223][  0]LogInit: Computer: DESKTOP-2G3K9JT
[2022.06.12-16.33.57:223][  0]LogInit: User: nicol
[2022.06.12-16.33.57:223][  0]LogInit: CPU Page size=4096, Cores=12
[2022.06.12-16.33.57:223][  0]LogInit: High frequency timer resolution =10.000000 MHz
[2022.06.12-16.33.57:223][  0]LogMemory: Memory total: Physical=31.9GB (32GB approx)
[2022.06.12-16.33.57:223][  0]LogMemory: Platform Memory Stats for Windows
[2022.06.12-16.33.57:223][  0]LogMemory: Process Physical Memory: 163.46 MB used, 163.46 MB peak
[2022.06.12-16.33.57:223][  0]LogMemory: Process Virtual Memory: 135.97 MB used, 135.97 MB peak
[2022.06.12-16.33.57:223][  0]LogMemory: Physical Memory: 11393.46 MB used,  21296.20 MB free, 32689.66 MB total
[2022.06.12-16.33.57:223][  0]LogMemory: Virtual Memory: 134193008.00 MB used,  24722.96 MB free, 134217728.00 MB total
[2022.06.12-16.33.57:229][  0]LogWindows: WindowsPlatformFeatures enabled
[2022.06.12-16.33.57:269][  0]LogInit: Physics initialised using underlying interface: PhysX
[2022.06.12-16.33.57:269][  0]LogInit: Using OS detected language (fr-FR).
[2022.06.12-16.33.57:269][  0]LogInit: Using OS detected locale (fr-FR).
[2022.06.12-16.33.57:272][  0]LogTextLocalizationManager: No specific localization for 'fr-FR' exists, so the 'fr' localization will be used.
[2022.06.12-16.33.57:272][  0]LogTextLocalizationResource: LocRes '../../../Engine/Content/Localization/Editor/fr/Editor.locres' could not be opened for reading!
[2022.06.12-16.33.57:272][  0]LogTextLocalizationResource: LocRes '../../../Engine/Content/Localization/EditorTutorials/fr/EditorTutorials.locres' could not be opened for reading!
[2022.06.12-16.33.57:272][  0]LogTextLocalizationResource: LocRes '../../../Engine/Content/Localization/Keywords/fr/Keywords.locres' could not be opened for reading!
[2022.06.12-16.33.57:272][  0]LogTextLocalizationResource: LocRes '../../../Engine/Content/Localization/Category/fr/Category.locres' could not be opened for reading!
[2022.06.12-16.33.57:272][  0]LogTextLocalizationResource: LocRes '../../../Engine/Content/Localization/ToolTips/fr/ToolTips.locres' could not be opened for reading!
[2022.06.12-16.33.57:272][  0]LogTextLocalizationResource: LocRes '../../../Engine/Content/Localization/PropertyNames/fr/PropertyNames.locres' could not be opened for reading!
[2022.06.12-16.33.57:272][  0]LogTextLocalizationResource: LocRes '../../../Engine/Content/Localization/Engine/fr/Engine.locres' could not be opened for reading!
[2022.06.12-16.33.57:273][  0]LogInit: Setting process to per monitor DPI aware
[2022.06.12-16.33.57:282][  0]LogWindowsTextInputMethodSystem: Display: IME system deactivated.
[2022.06.12-16.33.57:302][  0]LogSlate: New Slate User Created.  User Index 0, Is Virtual User: 0
[2022.06.12-16.33.57:302][  0]LogSlate: Slate User Registered.  User Index 0, Is Virtual User: 0
[2022.06.12-16.33.57:473][  0]LogD3D11RHI: Loaded GFSDK_Aftermath_Lib.x64.dll
[2022.06.12-16.33.57:475][  0]LogHMD: Failed to initialize OpenVR with code 110
[2022.06.12-16.33.57:475][  0]LogD3D11RHI: D3D11 min allowed feature level: 11_0
[2022.06.12-16.33.57:475][  0]LogD3D11RHI: D3D11 max allowed feature level: 11_0
[2022.06.12-16.33.57:475][  0]LogD3D11RHI: D3D11 adapters:
[2022.06.12-16.33.57:564][  0]LogD3D11RHI:    0. 'NVIDIA GeForce RTX 2060' (Feature Level 11_0)
[2022.06.12-16.33.57:564][  0]LogD3D11RHI:       5980/0/16344 MB DedicatedVideo/DedicatedSystem/SharedSystem, Outputs:3, VendorId:0x10de
[2022.06.12-16.33.57:566][  0]LogD3D11RHI:    1. 'Microsoft Basic Render Driver' (Feature Level 11_0)
[2022.06.12-16.33.57:566][  0]LogD3D11RHI:       0/0/16344 MB DedicatedVideo/DedicatedSystem/SharedSystem, Outputs:0, VendorId:0x1414
[2022.06.12-16.33.57:566][  0]LogD3D11RHI: Chosen D3D11 Adapter:
[2022.06.12-16.33.57:566][  0]LogD3D11RHI:     Description : NVIDIA GeForce RTX 2060
[2022.06.12-16.33.57:566][  0]LogD3D11RHI:     VendorId    : 10de
[2022.06.12-16.33.57:566][  0]LogD3D11RHI:     DeviceId    : 1f08
[2022.06.12-16.33.57:566][  0]LogD3D11RHI:     SubSysId    : 37551462
[2022.06.12-16.33.57:566][  0]LogD3D11RHI:     Revision    : 00a1
[2022.06.12-16.33.57:566][  0]LogD3D11RHI:     DedicatedVideoMemory : 6270484480 bytes
[2022.06.12-16.33.57:566][  0]LogD3D11RHI:     DedicatedSystemMemory : 0 bytes
[2022.06.12-16.33.57:566][  0]LogD3D11RHI:     SharedSystemMemory : 17138794496 bytes
[2022.06.12-16.33.57:566][  0]LogD3D11RHI:     AdapterLuid : 0 64282
[2022.06.12-16.33.57:573][  0]LogD3D11RHI: Creating new Direct3DDevice
[2022.06.12-16.33.57:573][  0]LogD3D11RHI:     GPU DeviceId: 0x1f08 (for the marketing name, search the web for "GPU Device Id")
[2022.06.12-16.33.57:573][  0]LogWindows: EnumDisplayDevices:
[2022.06.12-16.33.57:573][  0]LogWindows:    0. 'NVIDIA GeForce RTX 2060' (P:1 D:1)
[2022.06.12-16.33.57:574][  0]LogWindows:    1. 'NVIDIA GeForce RTX 2060' (P:0 D:1)
[2022.06.12-16.33.57:574][  0]LogWindows:    2. 'NVIDIA GeForce RTX 2060' (P:0 D:1)
[2022.06.12-16.33.57:574][  0]LogWindows:    3. 'NVIDIA GeForce RTX 2060' (P:0 D:0)
[2022.06.12-16.33.57:574][  0]LogWindows: DebugString: FoundDriverCount:4 
[2022.06.12-16.33.57:574][  0]LogD3D11RHI:     Adapter Name: NVIDIA GeForce RTX 2060
[2022.06.12-16.33.57:574][  0]LogD3D11RHI:   Driver Version: 512.95 (internal:30.0.15.1295, unified:512.95)
[2022.06.12-16.33.57:574][  0]LogD3D11RHI:      Driver Date: 5-19-2022
[2022.06.12-16.33.57:574][  0]LogRHI: Texture pool is 4186 MB (70% of 5980 MB)
[2022.06.12-16.33.57:574][  0]LogD3D11RHI: Creating D3DDevice using adapter:
[2022.06.12-16.33.57:574][  0]LogD3D11RHI:     Description : NVIDIA GeForce RTX 2060
[2022.06.12-16.33.57:574][  0]LogD3D11RHI:     VendorId    : 10de
[2022.06.12-16.33.57:574][  0]LogD3D11RHI:     DeviceId    : 1f08
[2022.06.12-16.33.57:574][  0]LogD3D11RHI:     SubSysId    : 37551462
[2022.06.12-16.33.57:574][  0]LogD3D11RHI:     Revision    : 00a1
[2022.06.12-16.33.57:574][  0]LogD3D11RHI:     DedicatedVideoMemory : 6270484480 bytes
[2022.06.12-16.33.57:574][  0]LogD3D11RHI:     DedicatedSystemMemory : 0 bytes
[2022.06.12-16.33.57:574][  0]LogD3D11RHI:     SharedSystemMemory : 17138794496 bytes
[2022.06.12-16.33.57:574][  0]LogD3D11RHI:     AdapterLuid : 0 64282
[2022.06.12-16.33.57:635][  0]LogD3D11RHI: RHI has support for 64 bit atomics
[2022.06.12-16.33.57:635][  0]LogD3D11RHI: Async texture creation enabled
[2022.06.12-16.33.57:635][  0]LogD3D11RHI: Array index from any shader is supported
[2022.06.12-16.33.57:657][  0]LogD3D11RHI: GPU Timing Frequency: 1000.000000 (Debug: 2 1)
[2022.06.12-16.33.57:679][  0]LogRHI: GeForceNow SDK initialized: 1
[2022.06.12-16.33.57:922][  0]LogTargetPlatformManager: Display: Loaded TargetPlatform 'AllDesktop'
[2022.06.12-16.33.57:943][  0]LogTargetPlatformManager: Display: Loaded TargetPlatform 'Android'
[2022.06.12-16.33.57:943][  0]LogTargetPlatformManager: Display: Loaded TargetPlatform 'Android_ASTC'
[2022.06.12-16.33.57:943][  0]LogTargetPlatformManager: Display: Loaded TargetPlatform 'Android_DXT'
[2022.06.12-16.33.57:943][  0]LogTargetPlatformManager: Display: Loaded TargetPlatform 'Android_ETC2'
[2022.06.12-16.33.57:943][  0]LogTargetPlatformManager: Display: Loaded TargetPlatform 'AndroidClient'
[2022.06.12-16.33.57:943][  0]LogTargetPlatformManager: Display: Loaded TargetPlatform 'Android_ASTCClient'
[2022.06.12-16.33.57:943][  0]LogTargetPlatformManager: Display: Loaded TargetPlatform 'Android_DXTClient'
[2022.06.12-16.33.57:943][  0]LogTargetPlatformManager: Display: Loaded TargetPlatform 'Android_ETC2Client'
[2022.06.12-16.33.57:943][  0]LogTargetPlatformManager: Display: Loaded TargetPlatform 'Android_Multi'
[2022.06.12-16.33.57:943][  0]LogTargetPlatformManager: Display: Loaded TargetPlatform 'Android_MultiClient'
[2022.06.12-16.33.57:959][  0]LogTargetPlatformManager: Display: Loaded TargetPlatform 'IOSClient'
[2022.06.12-16.33.57:959][  0]LogTargetPlatformManager: Display: Loaded TargetPlatform 'IOS'
[2022.06.12-16.33.57:968][  0]LogTargetPlatformManager: Display: Loaded TargetPlatform 'Linux'
[2022.06.12-16.33.57:972][  0]LogTargetPlatformManager: Display: Loaded TargetPlatform 'LinuxNoEditor'
[2022.06.12-16.33.57:975][  0]LogTargetPlatformManager: Display: Loaded TargetPlatform 'LinuxClient'
[2022.06.12-16.33.57:979][  0]LogTargetPlatformManager: Display: Loaded TargetPlatform 'LinuxServer'
[2022.06.12-16.33.57:987][  0]LogTargetPlatformManager: Display: Loaded TargetPlatform 'LinuxAArch64NoEditor'
[2022.06.12-16.33.57:991][  0]LogTargetPlatformManager: Display: Loaded TargetPlatform 'LinuxAArch64Client'
[2022.06.12-16.33.57:995][  0]LogTargetPlatformManager: Display: Loaded TargetPlatform 'LinuxAArch64Server'
[2022.06.12-16.33.58:016][  0]LogTargetPlatformManager: Display: Loaded TargetPlatform 'Lumin'
[2022.06.12-16.33.58:016][  0]LogTargetPlatformManager: Display: Loaded TargetPlatform 'LuminClient'
[2022.06.12-16.33.58:023][  0]LogTargetPlatformManager: Display: Loaded TargetPlatform 'MacNoEditor'
[2022.06.12-16.33.58:027][  0]LogTargetPlatformManager: Display: Loaded TargetPlatform 'Mac'
[2022.06.12-16.33.58:031][  0]LogTargetPlatformManager: Display: Loaded TargetPlatform 'MacClient'
[2022.06.12-16.33.58:035][  0]LogTargetPlatformManager: Display: Loaded TargetPlatform 'MacServer'
[2022.06.12-16.33.58:044][  0]LogTargetPlatformManager: Display: Loaded TargetPlatform 'TVOSClient'
[2022.06.12-16.33.58:044][  0]LogTargetPlatformManager: Display: Loaded TargetPlatform 'TVOS'
[2022.06.12-16.33.58:052][  0]LogTargetPlatformManager: Display: Loaded TargetPlatform 'WindowsNoEditor'
[2022.06.12-16.33.58:056][  0]LogTargetPlatformManager: Display: Loaded TargetPlatform 'Windows'
[2022.06.12-16.33.58:060][  0]LogTargetPlatformManager: Display: Loaded TargetPlatform 'WindowsClient'
[2022.06.12-16.33.58:064][  0]LogTargetPlatformManager: Display: Loaded TargetPlatform 'WindowsServer'
[2022.06.12-16.33.58:064][  0]LogTargetPlatformManager: Display: Building Assets For Windows
[2022.06.12-16.33.58:071][  0]LogAudioDebug: Display: Lib vorbis DLL was dynamically loaded.
[2022.06.12-16.33.58:102][  0]LogTextureFormatOodle: Display: Oodle Texture 2.9.0 init RDO Off
[2022.06.12-16.33.58:135][  0]LogRendererCore: Ray tracing is disabled. Reason: r.RayTracing=0.
[2022.06.12-16.33.58:135][  0]LogShaderCompilers: Guid format shader working directory is 5 characters bigger than the processId version (../../../../../Cours/Github/CandleUnreal/Intermediate/Shaders/WorkingDirectory/12404/).
[2022.06.12-16.33.58:135][  0]LogShaderCompilers: Cleaned the shader compiler working directory 'C:/Users/nicol/AppData/Local/Temp/UnrealShaderWorkingDir/20EAB45346DB3FCEE8C72C9A16BF8115/'.
[2022.06.12-16.33.58:135][  0]LogXGEController: Cannot use XGE Controller as Incredibuild is not installed on this machine.
[2022.06.12-16.33.58:135][  0]LogShaderCompilers: Cannot use XGE Shader Compiler as Incredibuild is not installed on this machine.
[2022.06.12-16.33.58:135][  0]LogShaderCompilers: Display: Using Local Shader Compiler.
[2022.06.12-16.33.58:762][  0]LogDerivedDataCache: Display: Max Cache Size: 512 MB
[2022.06.12-16.33.58:806][  0]LogDerivedDataCache: Loaded boot cache 0.04s 95MB C:/Users/nicol/AppData/Local/UnrealEngine/4.27/DerivedDataCache/Boot.ddc.
[2022.06.12-16.33.58:806][  0]LogDerivedDataCache: Display: Loaded Boot cache: C:/Users/nicol/AppData/Local/UnrealEngine/4.27/DerivedDataCache/Boot.ddc
[2022.06.12-16.33.58:806][  0]LogDerivedDataCache: FDerivedDataBackendGraph:  Pak pak cache file ../../../../../Cours/Github/CandleUnreal/DerivedDataCache/DDC.ddp not found, will not use a pak cache.
[2022.06.12-16.33.58:806][  0]LogDerivedDataCache: Unable to find inner node Pak for hierarchical cache Hierarchy.
[2022.06.12-16.33.58:806][  0]LogDerivedDataCache: FDerivedDataBackendGraph:  CompressedPak pak cache file ../../../../../Cours/Github/CandleUnreal/DerivedDataCache/Compressed.ddp not found, will not use a pak cache.
[2022.06.12-16.33.58:806][  0]LogDerivedDataCache: Unable to find inner node CompressedPak for hierarchical cache Hierarchy.
[2022.06.12-16.33.58:823][  0]LogDerivedDataCache: Display: Pak cache opened for reading ../../../Engine/DerivedDataCache/Compressed.ddp.
[2022.06.12-16.33.58:823][  0]LogDerivedDataCache: FDerivedDataBackendGraph:  EnterprisePak pak cache file ../../../Enterprise/DerivedDataCache/Compressed.ddp not found, will not use a pak cache.
[2022.06.12-16.33.58:823][  0]LogDerivedDataCache: Unable to find inner node EnterprisePak for hierarchical cache Hierarchy.
[2022.06.12-16.33.58:829][  0]LogDerivedDataCache: Speed tests for C:/Users/nicol/AppData/Local/UnrealEngine/Common/DerivedDataCache took 0.01 seconds
[2022.06.12-16.33.58:829][  0]LogDerivedDataCache: Display: Performance to C:/Users/nicol/AppData/Local/UnrealEngine/Common/DerivedDataCache: Latency=0.03ms. RandomReadSpeed=1667.60MBs, RandomWriteSpeed=185.79MBs. Assigned SpeedClass 'Local'
[2022.06.12-16.33.58:830][  0]LogDerivedDataCache: Using Local data cache path C:/Users/nicol/AppData/Local/UnrealEngine/Common/DerivedDataCache: Writable
[2022.06.12-16.33.58:830][  0]LogDerivedDataCache: Shared data cache path not found in *engine.ini, will not use an Shared cache.
[2022.06.12-16.33.58:830][  0]LogDerivedDataCache: Unable to find inner node Shared for hierarchical cache Hierarchy.
[2022.06.12-16.33.58:870][  0]LogSlate: Using FreeType 2.10.0
[2022.06.12-16.33.58:870][  0]LogSlate: SlateFontServices - WITH_FREETYPE: 1, WITH_HARFBUZZ: 1
[2022.06.12-16.33.58:890][  0]LogAssetRegistry: FAssetRegistry took 0.0023 seconds to start up
[2022.06.12-16.34.01:951][  0]LogInit: Selected Device Profile: [Windows]
[2022.06.12-16.34.01:952][  0]LogInit: Active device profile: [000001C4938B2400][000001C4938A6040 49] Windows
[2022.06.12-16.34.01:952][  0]LogInit: Profiles: [000001C4938B2400][000001C4938A6040 49] Windows, [000001C4950C5A00][000001C4938A4080 49] WindowsNoEditor, [000001C4938B1A00][000001C493854080 49] WindowsServer, [000001C4950C6800][000001C493856040 49] WindowsClient, [000001C4938B1100][000001C493918080 49] IOS, [000001C4950C6200][000001C49391A040 49] iPadAir, [000001C4938B3F00][000001C495E10080 49] iPadAir2, [000001C495560900][000001C49519C080 49] IPadPro, [000001C495561700][000001C49519E040 49] iPadAir3, [000001C4938B2000][000001C493DA8080 49] iPadAir4, [000001C495563A00][000001C495DE8080 49] iPadMini2, [000001C4938B1300][000001C495DEA040 49] iPadMini3, [000001C495560B00][000001C495BE8080 49] iPadMini4, [000001C4938B2700][000001C495BEA040 49] iPadMini5, [000001C4952B4200][000001C493B20080 49] iPhone6, [000001C4952B5000][000001C493B22040 49] iPodTouch6, [000001C4960DFF00][000001C495618080 49] iPhone7, [000001C4960DFE00][000001C49561A040 49] iPodTouch7, [000001C4952B6100][000001C493B2C080 49] iPhone5S, [000001C4960DDB00][000001C493B2E040 49] iPhone6Plus, [000001C4952B6C00][000001C493950080 49] iPhone6S, [000001C4960DDA00][000001C493952040 49] iPhone6SPlus, [000001C4952B5A00][000001C49373C080 49] iPhone7Plus, [000001C4960DE200][000001C49373E040 49] iPhoneSE, [000001C4952B6000][000001C4955F8080 49] iPhone8, [000001C4960DE300][000001C4955FA040 49] iPhone8Plus, [000001C4952B4300][000001C495A38080 49] iPhoneX, [000001C4960DED00][000001C495A3A040 49] iPhoneXS, [000001C4952B5800][000001C4954D4080 49] iPhoneXSMax, [000001C4960DE400][000001C4954D6040 49] iPhoneXR, [000001C4952B5500][000001C4954A0080 49] iPhone11, [000001C4960DDD00][000001C4954A2040 49] iPhone11Pro, [000001C4952B7200][000001C495D04080 49] iPhone11ProMax, [000001C4960DD000][000001C495D06040 49] iPhoneSE2, [000001C4952B4E00][000001C495D18080 49] iPhone12Mini, [000001C4960DEE00][000001C495D1A040 49] iPhone12, [000001C4952B7700][000001C49591C080 49] iPhone12Pro, [000001C4960DCE00][000001C49591E040 49] iPhone12ProMax, [000001C4952B7300][000001C495FA0080 49] iPadPro105, [000001C4960DEC00][000001C495FA2040 49] iPadPro129, [000001C4952B7E00][000001C495EDC080 49] iPadPro97, [000001C4960DDE00][000001C495EDE040 49] iPadPro2_129, [000001C4952B6B00][000001C4965F8080 49] iPad5, [000001C4960DF000][000001C4965FA040 49] iPad6, [000001C4952B7600][000001C4964F8080 49] iPad7, [000001C4960DD900][000001C4964FA040 49] iPad8, [000001C4952B4700][000001C496528080 49] iPadPro11, [000001C4960DF600][000001C49652A040 49] iPadPro2_11, [000001C4952B5E00][000001C496338080 49] iPadPro3_129, [000001C493DCDB00][000001C49633A040 49] iPadPro4_129, [000001C495561800][000001C496A8C080 49] AppleTV, [000001C493DCC100][000001C496A8E040 49] AppleTV4K, [000001C495560E00][000001C496968080 49] TVOS, [000001C493DCC700][000001C49696A040 49] Mac, [000001C495561000][000001C4968BC080 49] MacClient, [000001C493DCE200][000001C4968BE040 49] MacNoEditor, [000001C495561300][000001C496788080 49] MacServer, [000001C493DCCF00][000001C49678A040 49] Linux, [000001C495561900][000001C49688C080 49] LinuxAArch64, [000001C493DCE300][000001C49688E040 49] LinuxNoEditor, [000001C495563600][000001C496758080 49] LinuxAArch64NoEditor, [000001C4952B6800][000001C49675A040 49] LinuxClient, [000001C4960DDF00][000001C49687C080 49] LinuxAArch64Client, [000001C4952B7D00][000001C49687E040 49] LinuxServer, [000001C493DCC300][000001C496734080 49] LinuxAArch64Server, [000001C4952B6300][000001C496736040 49] Android, [000001C493DCDC00][000001C49685C080 49] Android_Low, [000001C4952B7900][000001C49685E040 49] Android_Mid, [000001C493DCCD00][000001C496944080 49] Android_High, [000001C4952B4400][000001C496946040 49] Android_Default, [000001C493DCD500][000001C496714080 49] Android_Adreno4xx, [000001C4952B7F00][000001C496716040 49] Android_Adreno5xx_Low, [000001C493DCCC00][000001C496818080 49] Android_Adreno5xx, [000001C4952B5600][000001C49681A040 49] Android_Adreno6xx, [000001C493DCC500][000001C496A14080 49] Android_Adreno6xx_Vulkan, [000001C4952B7C00][000001C496A16040 49] Android_Mali_T6xx, [000001C493DCC900][000001C4969B8080 49] Android_Mali_T7xx, [000001C4952B7000][000001C4969BA040 49] Android_Mali_T8xx, [000001C493DCE900][000001C4966C4080 49] Android_Mali_G71, [000001C4952B7A00][000001C4966C6040 49] Android_Mali_G72, [000001C493DCDA00][000001C4969E0080 49] Android_Mali_G72_Vulkan, [000001C4952B5200][000001C4969E2040 49] Android_Mali_G76, [000001C493DCCB00][000001C496A34080 49] Android_Mali_G76_Vulkan, [000001C4952B5D00][000001C496A36040 49] Android_Mali_G77, [000001C493DCEE00][000001C4966E8080 49] Android_Mali_G77_Vulkan, [000001C4952B6200][000001C4966EA040 49] Android_Mali_G78, [000001C493DCE800][000001C4967F0080 49] Android_Mali_G78_Vulkan, [000001C4952B6400][000001C4967F2040 49] Android_Mali_G710, [000001C493DCD400][000001C496798080 49] Android_Mali_G710_Vulkan, [000001C4952B6E00][000001C49679A040 49] Android_Vulkan_SM5, [000001C493DCED00][000001C496854080 49] Android_PowerVR_G6xxx, [000001C4952B7400][000001C496856040 49] Android_PowerVR_GT7xxx, [000001C493DCC600][000001C4986C8080 49] Android_PowerVR_GE8xxx, [000001C4952B4B00][000001C4986CA040 49] Android_PowerVR_GM9xxx, [000001C493DCC400][000001C4986C0080 49] Android_PowerVR_GM9xxx_Vulkan, [000001C4952B7B00][000001C4986C2040 49] Android_TegraK1, [000001C493DCE500][000001C49869C080 49] Android_Unknown_Vulkan, [000001C4952B5F00][000001C49869E040 49] Lumin, [000001C493DCD100][000001C498694080 49] Lumin_Desktop, [000001C4952B5700][000001C498696040 49] HoloLens, 
[2022.06.12-16.34.02:079][  0]LogMeshReduction: Using QuadricMeshReduction for automatic static mesh reduction
[2022.06.12-16.34.02:079][  0]LogMeshReduction: Using SimplygonMeshReduction for automatic skeletal mesh reduction
[2022.06.12-16.34.02:079][  0]LogMeshReduction: Using ProxyLODMeshReduction for automatic mesh merging
[2022.06.12-16.34.02:079][  0]LogMeshReduction: No distributed automatic mesh merging module available
[2022.06.12-16.34.02:079][  0]LogMeshMerging: No distributed automatic mesh merging module available
[2022.06.12-16.34.02:104][  0]LogNetVersion: Candle 1.0.0, NetCL: 17155196, EngineNetVer: 17, GameNetVer: 0 (Checksum: 2795580333)
[2022.06.12-16.34.02:489][  0]LogTexture: Default maximum texture size for cubemaps generated from long-lat sources has been changed from 512 to unlimited. In order to preserve old behaiour for '/Engine/MapTemplates/Sky/DaylightAmbientCubemap.DaylightAmbientCubemap', its maximum texture size has been explicitly set to 512.
[2022.06.12-16.34.02:546][  0]LogHMD: PokeAHoleMaterial loaded successfully
[2022.06.12-16.34.02:553][  0]LogUObjectArray: 17178 objects as part of root set at end of initial load.
[2022.06.12-16.34.02:553][  0]LogUObjectAllocator: 4302048 out of 0 bytes used by permanent object pool.
[2022.06.12-16.34.02:553][  0]LogUObjectArray: CloseDisregardForGC: 0/0 objects in disregard for GC pool
[2022.06.12-16.34.02:830][  0]LogNiagaraDebuggerClient: Niagara Debugger Client Initialized | Session: 2E55E11F488A2B011487CDB8E8E57BAC | Instance: AA1B8881486420468F5C0C8CA2C52F3A (DESKTOP-2G3K9JT-12404).
[2022.06.12-16.34.02:861][  0]LogPython: Using Python 3.7.7
[2022.06.12-16.34.03:375][  0]LogTcpMessaging: Initializing TcpMessaging bridge
[2022.06.12-16.34.03:380][  0]LogUdpMessaging: Initializing bridge on interface 0.0.0.0:0 to multicast group 230.0.0.1:6666.
[2022.06.12-16.34.03:524][  0]SourceControl: Source control is disabled
[2022.06.12-16.34.03:524][  0]SourceControl: Source control is disabled
[2022.06.12-16.34.03:530][  0]SourceControl: Source control is disabled
[2022.06.12-16.34.03:532][  0]SourceControl: Source control is disabled
[2022.06.12-16.34.03:538][  0]SourceControl: Source control is disabled
[2022.06.12-16.34.03:541][  0]LogUProjectInfo: Found projects:
[2022.06.12-16.34.03:711][  0]LogOpenImageDenoise: OIDN starting up
[2022.06.12-16.34.03:754][  0]LogAndroidPermission: UAndroidPermissionCallbackProxy::GetInstance
[2022.06.12-16.34.03:774][  0]LogAudioCaptureCore: Display: No Audio Capture implementations found. Audio input will be silent.
[2022.06.12-16.34.03:774][  0]LogAudioCaptureCore: Display: No Audio Capture implementations found. Audio input will be silent.
[2022.06.12-16.34.03:885][  0]LogCollectionManager: Loaded 0 collections in 0.000700 seconds
[2022.06.12-16.34.03:907][  0]LogFileCache: Scanning file cache for directory 'D:/Cours/Github/CandleUnreal/Saved/Collections/' took 0.00s
[2022.06.12-16.34.03:907][  0]LogFileCache: Scanning file cache for directory 'D:/Cours/Github/CandleUnreal/Content/Developers/nicol/Collections/' took 0.00s
[2022.06.12-16.34.03:907][  0]LogFileCache: Scanning file cache for directory 'D:/Cours/Github/CandleUnreal/Content/Collections/' took 0.00s
[2022.06.12-16.34.03:907][  0]LogOcInput: OculusInput pre-init called
[2022.06.12-16.34.04:099][  0]LogEngine: Initializing Engine...
[2022.06.12-16.34.04:101][  0]LogHMD: Failed to enumerate extensions. Please check that you have a valid OpenXR runtime installed.
[2022.06.12-16.34.04:101][  0]LogHMD: Failed to initialize OpenVR with code 110
[2022.06.12-16.34.04:101][  0]LogMagicLeap: Warning: VR disabled because ZI is not enabled.  To enable, in the editor, Edit -> Project Settings -> Plugins -> Magic Leap Plugin -> Enable Zero Iteration
[2022.06.12-16.34.04:102][  0]LogStats: UGameplayTagsManager::InitializeManager -  0.000 s
[2022.06.12-16.34.04:213][  0]LogInit: Initializing FReadOnlyCVARCache
[2022.06.12-16.34.04:221][  0]LogAIModule: Creating AISystem for world Untitled
[2022.06.12-16.34.04:221][  0]LogAudio: Display: Initializing Audio Device Manager...
[2022.06.12-16.34.04:224][  0]LogAudio: Display: Loading Default Audio Settings Objects...
[2022.06.12-16.34.04:225][  0]LogAudio: Display: No default SoundConcurrencyObject specified (or failed to load).
[2022.06.12-16.34.04:225][  0]LogAudio: Display: Audio Device Manager Initialized
[2022.06.12-16.34.04:225][  0]LogAudio: Display: Creating Audio Device:                 Id: 1, Scope: Shared, Realtime: True
[2022.06.12-16.34.04:225][  0]LogAudioMixer: Display: Audio Mixer Platform Settings:
[2022.06.12-16.34.04:225][  0]LogAudioMixer: Display: 	Sample Rate:						  48000
[2022.06.12-16.34.04:225][  0]LogAudioMixer: Display: 	Callback Buffer Frame Size Requested: 1024
[2022.06.12-16.34.04:225][  0]LogAudioMixer: Display: 	Callback Buffer Frame Size To Use:	  1024
[2022.06.12-16.34.04:225][  0]LogAudioMixer: Display: 	Number of buffers to queue:			  2
[2022.06.12-16.34.04:225][  0]LogAudioMixer: Display: 	Max Channels (voices):				  32
[2022.06.12-16.34.04:225][  0]LogAudioMixer: Display: 	Number of Async Source Workers:		  0
[2022.06.12-16.34.04:225][  0]LogAudio: Display: AudioDevice MaxSources: 32
[2022.06.12-16.34.04:225][  0]LogLinker: Warning: Failed to load '/Game/Assets/Sound/NewSoundMix': Can't find file.
[2022.06.12-16.34.04:225][  0]LogLinker: Warning: Failed to load '/Game/Assets/Sound/NewSoundMix': Can't find file.
[2022.06.12-16.34.04:225][  0]LogUObjectGlobals: Warning: Failed to find object 'SoundMix /Game/Assets/Sound/NewSoundMix.NewSoundMix'
[2022.06.12-16.34.04:226][  0]LogAudio: Display: Audio Spatialization Plugin: None (built-in).
[2022.06.12-16.34.04:226][  0]LogAudio: Display: Audio Reverb Plugin: None (built-in).
[2022.06.12-16.34.04:226][  0]LogAudio: Display: Audio Occlusion Plugin: None (built-in).
[2022.06.12-16.34.04:226][  0]LogAudioMixer: Display: Initializing audio mixer.
[2022.06.12-16.34.04:238][  0]LogAudioMixer: Display: 0: FrontLeft
[2022.06.12-16.34.04:238][  0]LogAudioMixer: Display: 1: FrontRight
[2022.06.12-16.34.04:256][  0]LogAudioMixer: Display: Using Audio Device Haut-parleurs (Realtek(R) Audio)
[2022.06.12-16.34.04:257][  0]LogAudioMixer: Display: Initializing Sound Submixes...
[2022.06.12-16.34.04:259][  0]LogAudioMixer: Display: Creating Master Submix 'MasterSubmixDefault'
[2022.06.12-16.34.04:259][  0]LogAudioMixer: Display: Creating Master Submix 'MasterReverbSubmixDefault'
[2022.06.12-16.34.04:260][  0]LogAudioMixer: Display: Creating Master Submix 'MasterEQSubmixDefault'
[2022.06.12-16.34.04:260][  0]LogAudioMixer: FMixerPlatformXAudio2::StartAudioStream() called
[2022.06.12-16.34.04:260][  0]LogAudioMixer: Display: Output buffers initialized: Frames=1024, Channels=2, Samples=2048
[2022.06.12-16.34.04:260][  0]LogAudioMixer: Display: Starting AudioMixerPlatformInterface::RunInternal()
[2022.06.12-16.34.04:260][  0]LogAudioMixer: Display: FMixerPlatformXAudio2::SubmitBuffer() called for the first time
[2022.06.12-16.34.04:260][  0]LogInit: FAudioDevice initialized.
[2022.06.12-16.34.04:261][  0]LogAudio: Display: Audio Device (ID: 1) registered with world 'Untitled'.
[2022.06.12-16.34.04:261][  0]LogNetVersion: Set ProjectVersion to 1.0.0.0. Version Checksum will be recalculated on next use.
[2022.06.12-16.34.04:309][  0]LogDerivedDataCache: Saved boot cache 0.05s 95MB C:/Users/nicol/AppData/Local/UnrealEngine/4.27/DerivedDataCache/Boot.ddc.
[2022.06.12-16.34.04:309][  0]LogInit: Texture streaming: Enabled
[2022.06.12-16.34.04:321][  0]LogAnalytics: Display: [UEEditor.Rocket.Release] APIServer = https://datarouter.ol.epicgames.com/. AppVersion = 4.27.2-18319896+++UE4+Release-4.27
[2022.06.12-16.34.04:324][  0]LogEngineSessionManager: EngineSessionManager initialized
[2022.06.12-16.34.04:324][  0]LogEditorSessionSummary: Verbose: Initializing EditorSessionSummaryWriter for editor session tracking
[2022.06.12-16.34.04:325][  0]LogEditorSessionSummary: EditorSessionSummaryWriter initialized
[2022.06.12-16.34.04:377][  0]LogInit: Transaction tracking system initialized
[2022.06.12-16.34.04:397][  0]BlueprintLog: New page: Editor Load
[2022.06.12-16.34.04:447][  0]LocalizationService: Localization service is disabled
[2022.06.12-16.34.04:468][  0]TimingProfiler: Initialize
[2022.06.12-16.34.04:468][  0]TimingProfiler: OnSessionChanged
[2022.06.12-16.34.04:468][  0]LoadingProfiler: Initialize
[2022.06.12-16.34.04:468][  0]LoadingProfiler: OnSessionChanged
[2022.06.12-16.34.04:468][  0]NetworkingProfiler: Initialize
[2022.06.12-16.34.04:468][  0]NetworkingProfiler: OnSessionChanged
[2022.06.12-16.34.04:468][  0]MemoryProfiler: Initialize
[2022.06.12-16.34.04:468][  0]MemoryProfiler: OnSessionChanged
[2022.06.12-16.34.04:587][  0]LogCook: Display: CookSettings for Memory: MemoryMaxUsedVirtual 0MiB, MemoryMaxUsedPhysical 16384MiB, MemoryMinFreeVirtual 0MiB, MemoryMinFreePhysical 1024MiB
[2022.06.12-16.34.04:587][  0]LogCook: Display: Mobile HDR setting 1
[2022.06.12-16.34.04:757][  0]LogFileCache: Scanning file cache for directory 'D:/Cours/Github/CandleUnreal/Content/' took 0.03s
[2022.06.12-16.34.04:897][  0]LogInit: Display: Engine is initialized. Leaving FEngineLoop::Init()
[2022.06.12-16.34.04:900][  0]SourceControl: Source control is disabled
[2022.06.12-16.34.04:900][  0]LogUnrealEdMisc: Loading editor; pre map load, took 8.705
[2022.06.12-16.34.04:900][  0]Cmd: MAP LOAD FILE="../../../../../Cours/Github/CandleUnreal/Content/Levels/MaisonV2.umap" TEMPLATE=0 SHOWPROGRESS=1 FEATURELEVEL=3
[2022.06.12-16.34.04:900][  0]LightingResults: New page: Lighting Build
[2022.06.12-16.34.04:901][  0]LogWorld: UWorld::CleanupWorld for Untitled, bSessionEnded=true, bCleanupResources=true
[2022.06.12-16.34.04:901][  0]LogSlate: InvalidateAllWidgets triggered.  All widgets were invalidated
[2022.06.12-16.34.04:902][  0]MapCheck: New page: Map Check
[2022.06.12-16.34.04:902][  0]LightingResults: New page: Lighting Build
[2022.06.12-16.34.04:904][  0]LogAudio: Display: Audio Device unregistered from world 'None'.
[2022.06.12-16.34.04:907][  0]LogUObjectHash: Compacting FUObjectHashTables data took   0.81ms
[2022.06.12-16.34.07:437][  0]LogAudio: Display: Audio Device (ID: 1) registered with world 'MaisonV2'.
[2022.06.12-16.34.07:438][  0]LogAIModule: Creating AISystem for world MaisonV2
[2022.06.12-16.34.07:771][  0]LogEditorServer: Finished looking for orphan Actors (0.000 secs)
[2022.06.12-16.34.07:876][  0]LogUObjectHash: Compacting FUObjectHashTables data took   2.15ms
[2022.06.12-16.34.07:879][  0]Cmd: MAP CHECKDEP NOCLEARLOG
[2022.06.12-16.34.07:880][  0]MapCheck: Map check complete: 0 Error(s), 0 Warning(s), took 0,287ms to complete.
[2022.06.12-16.34.07:880][  0]LogFileHelpers: Loading map 'MaisonV2' took 2.980
[2022.06.12-16.34.07:882][  0]LogUnrealEdMisc: Total Editor Startup Time, took 11.686
[2022.06.12-16.34.07:982][  0]LogSlate: Updating window title bar state: overlay mode, drag disabled, window buttons hidden, title bar hidden
[2022.06.12-16.34.07:987][  0]LogSlate: Updating window title bar state: overlay mode, drag disabled, window buttons hidden, title bar hidden
[2022.06.12-16.34.07:993][  0]LogSlate: Updating window title bar state: overlay mode, drag disabled, window buttons hidden, title bar hidden
[2022.06.12-16.34.07:998][  0]LogSlate: Updating window title bar state: overlay mode, drag disabled, window buttons hidden, title bar hidden
[2022.06.12-16.34.08:014][  0]LogNativeClassHierarchy: Verbose: Native class hierarchy populated in 0.0092 seconds. Added 3825 classes and 936 folders.
[2022.06.12-16.34.08:016][  0]LogNativeClassHierarchy: Verbose: Native class hierarchy updated for 'WidgetCarousel' in 0.0002 seconds. Added 0 classes and 0 folders.
[2022.06.12-16.34.08:018][  0]LogPakFile: PakFile PrimaryIndexSize=187
[2022.06.12-16.34.08:018][  0]LogPakFile: PakFile PathHashIndexSize=101
[2022.06.12-16.34.08:018][  0]LogPakFile: PakFile FullDirectoryIndexSize=148
[2022.06.12-16.34.08:018][  0]LogShaderLibrary: Display: ShaderCodeLibraryPakFileMountedCallback: PakFile 'D:/Jeux/UE_4.27/FeaturePacks/FP_FirstPerson.upack' (chunk index -1, root 'root:/') mounted
[2022.06.12-16.34.08:018][  0]LogShaderLibrary: Display: ShaderCodeLibraryPakFileMountedCallback: pending pak file info (ChunkID:-1 Root:root:/ File:D:/Jeux/UE_4.27/FeaturePacks/FP_FirstPerson.upack)
[2022.06.12-16.34.08:018][  0]LogPakFile: OnPakFileMounted2Time == 0.000047
[2022.06.12-16.34.08:018][  0]LogPakFile: PakFile PrimaryIndexSize=189
[2022.06.12-16.34.08:018][  0]LogPakFile: PakFile PathHashIndexSize=101
[2022.06.12-16.34.08:019][  0]LogPakFile: PakFile FullDirectoryIndexSize=152
[2022.06.12-16.34.08:019][  0]LogShaderLibrary: Display: ShaderCodeLibraryPakFileMountedCallback: PakFile 'D:/Jeux/UE_4.27/FeaturePacks/FP_FirstPersonBP.upack' (chunk index -1, root 'root:/') mounted
[2022.06.12-16.34.08:019][  0]LogShaderLibrary: Display: ShaderCodeLibraryPakFileMountedCallback: pending pak file info (ChunkID:-1 Root:root:/ File:D:/Jeux/UE_4.27/FeaturePacks/FP_FirstPersonBP.upack)
[2022.06.12-16.34.08:019][  0]LogPakFile: OnPakFileMounted2Time == 0.000031
[2022.06.12-16.34.08:019][  0]LogPakFile: PakFile PrimaryIndexSize=191
[2022.06.12-16.34.08:019][  0]LogPakFile: PakFile PathHashIndexSize=101
[2022.06.12-16.34.08:019][  0]LogPakFile: PakFile FullDirectoryIndexSize=160
[2022.06.12-16.34.08:019][  0]LogShaderLibrary: Display: ShaderCodeLibraryPakFileMountedCallback: PakFile 'D:/Jeux/UE_4.27/FeaturePacks/MobileStarterContent.upack' (chunk index -1, root 'root:/') mounted
[2022.06.12-16.34.08:019][  0]LogShaderLibrary: Display: ShaderCodeLibraryPakFileMountedCallback: pending pak file info (ChunkID:-1 Root:root:/ File:D:/Jeux/UE_4.27/FeaturePacks/MobileStarterContent.upack)
[2022.06.12-16.34.08:019][  0]LogPakFile: OnPakFileMounted2Time == 0.000028
[2022.06.12-16.34.08:020][  0]LogPakFile: PakFile PrimaryIndexSize=185
[2022.06.12-16.34.08:020][  0]LogPakFile: PakFile PathHashIndexSize=101
[2022.06.12-16.34.08:020][  0]LogPakFile: PakFile FullDirectoryIndexSize=148
[2022.06.12-16.34.08:020][  0]LogShaderLibrary: Display: ShaderCodeLibraryPakFileMountedCallback: PakFile 'D:/Jeux/UE_4.27/FeaturePacks/StarterContent.upack' (chunk index -1, root 'root:/') mounted
[2022.06.12-16.34.08:020][  0]LogShaderLibrary: Display: ShaderCodeLibraryPakFileMountedCallback: pending pak file info (ChunkID:-1 Root:root:/ File:D:/Jeux/UE_4.27/FeaturePacks/StarterContent.upack)
[2022.06.12-16.34.08:020][  0]LogPakFile: OnPakFileMounted2Time == 0.000032
[2022.06.12-16.34.08:021][  0]LogPakFile: PakFile PrimaryIndexSize=190
[2022.06.12-16.34.08:021][  0]LogPakFile: PakFile PathHashIndexSize=101
[2022.06.12-16.34.08:021][  0]LogPakFile: PakFile FullDirectoryIndexSize=154
[2022.06.12-16.34.08:021][  0]LogShaderLibrary: Display: ShaderCodeLibraryPakFileMountedCallback: PakFile 'D:/Jeux/UE_4.27/FeaturePacks/TP_2DSideScroller.upack' (chunk index -1, root 'root:/') mounted
[2022.06.12-16.34.08:021][  0]LogShaderLibrary: Display: ShaderCodeLibraryPakFileMountedCallback: pending pak file info (ChunkID:-1 Root:root:/ File:D:/Jeux/UE_4.27/FeaturePacks/TP_2DSideScroller.upack)
[2022.06.12-16.34.08:021][  0]LogPakFile: OnPakFileMounted2Time == 0.000028
[2022.06.12-16.34.08:021][  0]LogPakFile: PakFile PrimaryIndexSize=192
[2022.06.12-16.34.08:021][  0]LogPakFile: PakFile PathHashIndexSize=101
[2022.06.12-16.34.08:021][  0]LogPakFile: PakFile FullDirectoryIndexSize=158
[2022.06.12-16.34.08:021][  0]LogShaderLibrary: Display: ShaderCodeLibraryPakFileMountedCallback: PakFile 'D:/Jeux/UE_4.27/FeaturePacks/TP_2DSideScrollerBP.upack' (chunk index -1, root 'root:/') mounted
[2022.06.12-16.34.08:021][  0]LogShaderLibrary: Display: ShaderCodeLibraryPakFileMountedCallback: pending pak file info (ChunkID:-1 Root:root:/ File:D:/Jeux/UE_4.27/FeaturePacks/TP_2DSideScrollerBP.upack)
[2022.06.12-16.34.08:021][  0]LogPakFile: OnPakFileMounted2Time == 0.000028
[2022.06.12-16.34.08:022][  0]LogPakFile: PakFile PrimaryIndexSize=182
[2022.06.12-16.34.08:022][  0]LogPakFile: PakFile PathHashIndexSize=101
[2022.06.12-16.34.08:022][  0]LogPakFile: PakFile FullDirectoryIndexSize=138
[2022.06.12-16.34.08:022][  0]LogShaderLibrary: Display: ShaderCodeLibraryPakFileMountedCallback: PakFile 'D:/Jeux/UE_4.27/FeaturePacks/TP_Flying.upack' (chunk index -1, root 'root:/') mounted
[2022.06.12-16.34.08:022][  0]LogShaderLibrary: Display: ShaderCodeLibraryPakFileMountedCallback: pending pak file info (ChunkID:-1 Root:root:/ File:D:/Jeux/UE_4.27/FeaturePacks/TP_Flying.upack)
[2022.06.12-16.34.08:022][  0]LogPakFile: OnPakFileMounted2Time == 0.000028
[2022.06.12-16.34.08:023][  0]LogPakFile: PakFile PrimaryIndexSize=184
[2022.06.12-16.34.08:023][  0]LogPakFile: PakFile PathHashIndexSize=101
[2022.06.12-16.34.08:023][  0]LogPakFile: PakFile FullDirectoryIndexSize=142
[2022.06.12-16.34.08:023][  0]LogShaderLibrary: Display: ShaderCodeLibraryPakFileMountedCallback: PakFile 'D:/Jeux/UE_4.27/FeaturePacks/TP_FlyingBP.upack' (chunk index -1, root 'root:/') mounted
[2022.06.12-16.34.08:023][  0]LogShaderLibrary: Display: ShaderCodeLibraryPakFileMountedCallback: pending pak file info (ChunkID:-1 Root:root:/ File:D:/Jeux/UE_4.27/FeaturePacks/TP_FlyingBP.upack)
[2022.06.12-16.34.08:023][  0]LogPakFile: OnPakFileMounted2Time == 0.000028
[2022.06.12-16.34.08:023][  0]LogPakFile: PakFile PrimaryIndexSize=188
[2022.06.12-16.34.08:023][  0]LogPakFile: PakFile PathHashIndexSize=101
[2022.06.12-16.34.08:023][  0]LogPakFile: PakFile FullDirectoryIndexSize=150
[2022.06.12-16.34.08:023][  0]LogShaderLibrary: Display: ShaderCodeLibraryPakFileMountedCallback: PakFile 'D:/Jeux/UE_4.27/FeaturePacks/TP_HandheldARBP.upack' (chunk index -1, root 'root:/') mounted
[2022.06.12-16.34.08:023][  0]LogShaderLibrary: Display: ShaderCodeLibraryPakFileMountedCallback: pending pak file info (ChunkID:-1 Root:root:/ File:D:/Jeux/UE_4.27/FeaturePacks/TP_HandheldARBP.upack)
[2022.06.12-16.34.08:023][  0]LogPakFile: OnPakFileMounted2Time == 0.000028
[2022.06.12-16.34.08:024][  0]LogPakFile: PakFile PrimaryIndexSize=182
[2022.06.12-16.34.08:024][  0]LogPakFile: PakFile PathHashIndexSize=101
[2022.06.12-16.34.08:024][  0]LogPakFile: PakFile FullDirectoryIndexSize=138
[2022.06.12-16.34.08:024][  0]LogShaderLibrary: Display: ShaderCodeLibraryPakFileMountedCallback: PakFile 'D:/Jeux/UE_4.27/FeaturePacks/TP_Puzzle.upack' (chunk index -1, root 'root:/') mounted
[2022.06.12-16.34.08:024][  0]LogShaderLibrary: Display: ShaderCodeLibraryPakFileMountedCallback: pending pak file info (ChunkID:-1 Root:root:/ File:D:/Jeux/UE_4.27/FeaturePacks/TP_Puzzle.upack)
[2022.06.12-16.34.08:024][  0]LogPakFile: OnPakFileMounted2Time == 0.000035
[2022.06.12-16.34.08:025][  0]LogPakFile: PakFile PrimaryIndexSize=184
[2022.06.12-16.34.08:025][  0]LogPakFile: PakFile PathHashIndexSize=101
[2022.06.12-16.34.08:025][  0]LogPakFile: PakFile FullDirectoryIndexSize=142
[2022.06.12-16.34.08:025][  0]LogShaderLibrary: Display: ShaderCodeLibraryPakFileMountedCallback: PakFile 'D:/Jeux/UE_4.27/FeaturePacks/TP_PuzzleBP.upack' (chunk index -1, root 'root:/') mounted
[2022.06.12-16.34.08:025][  0]LogShaderLibrary: Display: ShaderCodeLibraryPakFileMountedCallback: pending pak file info (ChunkID:-1 Root:root:/ File:D:/Jeux/UE_4.27/FeaturePacks/TP_PuzzleBP.upack)
[2022.06.12-16.34.08:025][  0]LogPakFile: OnPakFileMounted2Time == 0.000027
[2022.06.12-16.34.08:025][  0]LogPakFile: PakFile PrimaryIndexSize=183
[2022.06.12-16.34.08:025][  0]LogPakFile: PakFile PathHashIndexSize=101
[2022.06.12-16.34.08:025][  0]LogPakFile: PakFile FullDirectoryIndexSize=140
[2022.06.12-16.34.08:025][  0]LogShaderLibrary: Display: ShaderCodeLibraryPakFileMountedCallback: PakFile 'D:/Jeux/UE_4.27/FeaturePacks/TP_Rolling.upack' (chunk index -1, root 'root:/') mounted
[2022.06.12-16.34.08:026][  0]LogShaderLibrary: Display: ShaderCodeLibraryPakFileMountedCallback: pending pak file info (ChunkID:-1 Root:root:/ File:D:/Jeux/UE_4.27/FeaturePacks/TP_Rolling.upack)
[2022.06.12-16.34.08:026][  0]LogPakFile: OnPakFileMounted2Time == 0.000029
[2022.06.12-16.34.08:026][  0]LogPakFile: PakFile PrimaryIndexSize=185
[2022.06.12-16.34.08:026][  0]LogPakFile: PakFile PathHashIndexSize=101
[2022.06.12-16.34.08:026][  0]LogPakFile: PakFile FullDirectoryIndexSize=144
[2022.06.12-16.34.08:026][  0]LogShaderLibrary: Display: ShaderCodeLibraryPakFileMountedCallback: PakFile 'D:/Jeux/UE_4.27/FeaturePacks/TP_RollingBP.upack' (chunk index -1, root 'root:/') mounted
[2022.06.12-16.34.08:026][  0]LogShaderLibrary: Display: ShaderCodeLibraryPakFileMountedCallback: pending pak file info (ChunkID:-1 Root:root:/ File:D:/Jeux/UE_4.27/FeaturePacks/TP_RollingBP.upack)
[2022.06.12-16.34.08:026][  0]LogPakFile: OnPakFileMounted2Time == 0.000029
[2022.06.12-16.34.08:027][  0]LogPakFile: PakFile PrimaryIndexSize=188
[2022.06.12-16.34.08:027][  0]LogPakFile: PakFile PathHashIndexSize=101
[2022.06.12-16.34.08:027][  0]LogPakFile: PakFile FullDirectoryIndexSize=150
[2022.06.12-16.34.08:027][  0]LogShaderLibrary: Display: ShaderCodeLibraryPakFileMountedCallback: PakFile 'D:/Jeux/UE_4.27/FeaturePacks/TP_SideScroller.upack' (chunk index -1, root 'root:/') mounted
[2022.06.12-16.34.08:027][  0]LogShaderLibrary: Display: ShaderCodeLibraryPakFileMountedCallback: pending pak file info (ChunkID:-1 Root:root:/ File:D:/Jeux/UE_4.27/FeaturePacks/TP_SideScroller.upack)
[2022.06.12-16.34.08:027][  0]LogPakFile: OnPakFileMounted2Time == 0.000027
[2022.06.12-16.34.08:027][  0]LogPakFile: PakFile PrimaryIndexSize=190
[2022.06.12-16.34.08:027][  0]LogPakFile: PakFile PathHashIndexSize=101
[2022.06.12-16.34.08:028][  0]LogPakFile: PakFile FullDirectoryIndexSize=154
[2022.06.12-16.34.08:028][  0]LogShaderLibrary: Display: ShaderCodeLibraryPakFileMountedCallback: PakFile 'D:/Jeux/UE_4.27/FeaturePacks/TP_SideScrollerBP.upack' (chunk index -1, root 'root:/') mounted
[2022.06.12-16.34.08:028][  0]LogShaderLibrary: Display: ShaderCodeLibraryPakFileMountedCallback: pending pak file info (ChunkID:-1 Root:root:/ File:D:/Jeux/UE_4.27/FeaturePacks/TP_SideScrollerBP.upack)
[2022.06.12-16.34.08:028][  0]LogPakFile: OnPakFileMounted2Time == 0.000028
[2022.06.12-16.34.08:028][  0]LogPakFile: PakFile PrimaryIndexSize=187
[2022.06.12-16.34.08:028][  0]LogPakFile: PakFile PathHashIndexSize=101
[2022.06.12-16.34.08:028][  0]LogPakFile: PakFile FullDirectoryIndexSize=148
[2022.06.12-16.34.08:028][  0]LogShaderLibrary: Display: ShaderCodeLibraryPakFileMountedCallback: PakFile 'D:/Jeux/UE_4.27/FeaturePacks/TP_ThirdPerson.upack' (chunk index -1, root 'root:/') mounted
[2022.06.12-16.34.08:028][  0]LogShaderLibrary: Display: ShaderCodeLibraryPakFileMountedCallback: pending pak file info (ChunkID:-1 Root:root:/ File:D:/Jeux/UE_4.27/FeaturePacks/TP_ThirdPerson.upack)
[2022.06.12-16.34.08:028][  0]LogPakFile: OnPakFileMounted2Time == 0.000026
[2022.06.12-16.34.08:029][  0]LogPakFile: PakFile PrimaryIndexSize=189
[2022.06.12-16.34.08:029][  0]LogPakFile: PakFile PathHashIndexSize=101
[2022.06.12-16.34.08:029][  0]LogPakFile: PakFile FullDirectoryIndexSize=152
[2022.06.12-16.34.08:029][  0]LogShaderLibrary: Display: ShaderCodeLibraryPakFileMountedCallback: PakFile 'D:/Jeux/UE_4.27/FeaturePacks/TP_ThirdPersonBP.upack' (chunk index -1, root 'root:/') mounted
[2022.06.12-16.34.08:029][  0]LogShaderLibrary: Display: ShaderCodeLibraryPakFileMountedCallback: pending pak file info (ChunkID:-1 Root:root:/ File:D:/Jeux/UE_4.27/FeaturePacks/TP_ThirdPersonBP.upack)
[2022.06.12-16.34.08:029][  0]LogPakFile: OnPakFileMounted2Time == 0.000027
[2022.06.12-16.34.08:030][  0]LogPakFile: PakFile PrimaryIndexSize=183
[2022.06.12-16.34.08:030][  0]LogPakFile: PakFile PathHashIndexSize=101
[2022.06.12-16.34.08:030][  0]LogPakFile: PakFile FullDirectoryIndexSize=140
[2022.06.12-16.34.08:030][  0]LogShaderLibrary: Display: ShaderCodeLibraryPakFileMountedCallback: PakFile 'D:/Jeux/UE_4.27/FeaturePacks/TP_TopDown.upack' (chunk index -1, root 'root:/') mounted
[2022.06.12-16.34.08:030][  0]LogShaderLibrary: Display: ShaderCodeLibraryPakFileMountedCallback: pending pak file info (ChunkID:-1 Root:root:/ File:D:/Jeux/UE_4.27/FeaturePacks/TP_TopDown.upack)
[2022.06.12-16.34.08:030][  0]LogPakFile: OnPakFileMounted2Time == 0.000032
[2022.06.12-16.34.08:030][  0]LogPakFile: PakFile PrimaryIndexSize=185
[2022.06.12-16.34.08:030][  0]LogPakFile: PakFile PathHashIndexSize=101
[2022.06.12-16.34.08:030][  0]LogPakFile: PakFile FullDirectoryIndexSize=144
[2022.06.12-16.34.08:030][  0]LogShaderLibrary: Display: ShaderCodeLibraryPakFileMountedCallback: PakFile 'D:/Jeux/UE_4.27/FeaturePacks/TP_TopDownBP.upack' (chunk index -1, root 'root:/') mounted
[2022.06.12-16.34.08:030][  0]LogShaderLibrary: Display: ShaderCodeLibraryPakFileMountedCallback: pending pak file info (ChunkID:-1 Root:root:/ File:D:/Jeux/UE_4.27/FeaturePacks/TP_TopDownBP.upack)
[2022.06.12-16.34.08:030][  0]LogPakFile: OnPakFileMounted2Time == 0.000027
[2022.06.12-16.34.08:031][  0]LogPakFile: PakFile PrimaryIndexSize=185
[2022.06.12-16.34.08:031][  0]LogPakFile: PakFile PathHashIndexSize=101
[2022.06.12-16.34.08:031][  0]LogPakFile: PakFile FullDirectoryIndexSize=144
[2022.06.12-16.34.08:031][  0]LogShaderLibrary: Display: ShaderCodeLibraryPakFileMountedCallback: PakFile 'D:/Jeux/UE_4.27/FeaturePacks/TP_TwinStick.upack' (chunk index -1, root 'root:/') mounted
[2022.06.12-16.34.08:031][  0]LogShaderLibrary: Display: ShaderCodeLibraryPakFileMountedCallback: pending pak file info (ChunkID:-1 Root:root:/ File:D:/Jeux/UE_4.27/FeaturePacks/TP_TwinStick.upack)
[2022.06.12-16.34.08:031][  0]LogPakFile: OnPakFileMounted2Time == 0.000027
[2022.06.12-16.34.08:032][  0]LogPakFile: PakFile PrimaryIndexSize=187
[2022.06.12-16.34.08:032][  0]LogPakFile: PakFile PathHashIndexSize=101
[2022.06.12-16.34.08:032][  0]LogPakFile: PakFile FullDirectoryIndexSize=148
[2022.06.12-16.34.08:032][  0]LogShaderLibrary: Display: ShaderCodeLibraryPakFileMountedCallback: PakFile 'D:/Jeux/UE_4.27/FeaturePacks/TP_TwinStickBP.upack' (chunk index -1, root 'root:/') mounted
[2022.06.12-16.34.08:032][  0]LogShaderLibrary: Display: ShaderCodeLibraryPakFileMountedCallback: pending pak file info (ChunkID:-1 Root:root:/ File:D:/Jeux/UE_4.27/FeaturePacks/TP_TwinStickBP.upack)
[2022.06.12-16.34.08:032][  0]LogPakFile: OnPakFileMounted2Time == 0.000027
[2022.06.12-16.34.08:032][  0]LogPakFile: PakFile PrimaryIndexSize=183
[2022.06.12-16.34.08:032][  0]LogPakFile: PakFile PathHashIndexSize=101
[2022.06.12-16.34.08:032][  0]LogPakFile: PakFile FullDirectoryIndexSize=140
[2022.06.12-16.34.08:032][  0]LogShaderLibrary: Display: ShaderCodeLibraryPakFileMountedCallback: PakFile 'D:/Jeux/UE_4.27/FeaturePacks/TP_Vehicle.upack' (chunk index -1, root 'root:/') mounted
[2022.06.12-16.34.08:032][  0]LogShaderLibrary: Display: ShaderCodeLibraryPakFileMountedCallback: pending pak file info (ChunkID:-1 Root:root:/ File:D:/Jeux/UE_4.27/FeaturePacks/TP_Vehicle.upack)
[2022.06.12-16.34.08:032][  0]LogPakFile: OnPakFileMounted2Time == 0.000027
[2022.06.12-16.34.08:033][  0]LogPakFile: PakFile PrimaryIndexSize=186
[2022.06.12-16.34.08:033][  0]LogPakFile: PakFile PathHashIndexSize=101
[2022.06.12-16.34.08:033][  0]LogPakFile: PakFile FullDirectoryIndexSize=146
[2022.06.12-16.34.08:033][  0]LogShaderLibrary: Display: ShaderCodeLibraryPakFileMountedCallback: PakFile 'D:/Jeux/UE_4.27/FeaturePacks/TP_VehicleAdv.upack' (chunk index -1, root 'root:/') mounted
[2022.06.12-16.34.08:033][  0]LogShaderLibrary: Display: ShaderCodeLibraryPakFileMountedCallback: pending pak file info (ChunkID:-1 Root:root:/ File:D:/Jeux/UE_4.27/FeaturePacks/TP_VehicleAdv.upack)
[2022.06.12-16.34.08:033][  0]LogPakFile: OnPakFileMounted2Time == 0.000028
[2022.06.12-16.34.08:034][  0]LogPakFile: PakFile PrimaryIndexSize=188
[2022.06.12-16.34.08:034][  0]LogPakFile: PakFile PathHashIndexSize=101
[2022.06.12-16.34.08:034][  0]LogPakFile: PakFile FullDirectoryIndexSize=150
[2022.06.12-16.34.08:034][  0]LogShaderLibrary: Display: ShaderCodeLibraryPakFileMountedCallback: PakFile 'D:/Jeux/UE_4.27/FeaturePacks/TP_VehicleAdvBP.upack' (chunk index -1, root 'root:/') mounted
[2022.06.12-16.34.08:034][  0]LogShaderLibrary: Display: ShaderCodeLibraryPakFileMountedCallback: pending pak file info (ChunkID:-1 Root:root:/ File:D:/Jeux/UE_4.27/FeaturePacks/TP_VehicleAdvBP.upack)
[2022.06.12-16.34.08:034][  0]LogPakFile: OnPakFileMounted2Time == 0.000028
[2022.06.12-16.34.08:034][  0]LogPakFile: PakFile PrimaryIndexSize=185
[2022.06.12-16.34.08:034][  0]LogPakFile: PakFile PathHashIndexSize=101
[2022.06.12-16.34.08:034][  0]LogPakFile: PakFile FullDirectoryIndexSize=144
[2022.06.12-16.34.08:034][  0]LogShaderLibrary: Display: ShaderCodeLibraryPakFileMountedCallback: PakFile 'D:/Jeux/UE_4.27/FeaturePacks/TP_VehicleBP.upack' (chunk index -1, root 'root:/') mounted
[2022.06.12-16.34.08:034][  0]LogShaderLibrary: Display: ShaderCodeLibraryPakFileMountedCallback: pending pak file info (ChunkID:-1 Root:root:/ File:D:/Jeux/UE_4.27/FeaturePacks/TP_VehicleBP.upack)
[2022.06.12-16.34.08:034][  0]LogPakFile: OnPakFileMounted2Time == 0.000028
[2022.06.12-16.34.08:035][  0]LogPakFile: PakFile PrimaryIndexSize=192
[2022.06.12-16.34.08:035][  0]LogPakFile: PakFile PathHashIndexSize=101
[2022.06.12-16.34.08:035][  0]LogPakFile: PakFile FullDirectoryIndexSize=158
[2022.06.12-16.34.08:035][  0]LogShaderLibrary: Display: ShaderCodeLibraryPakFileMountedCallback: PakFile 'D:/Jeux/UE_4.27/FeaturePacks/TP_VirtualRealityBP.upack' (chunk index -1, root 'root:/') mounted
[2022.06.12-16.34.08:035][  0]LogShaderLibrary: Display: ShaderCodeLibraryPakFileMountedCallback: pending pak file info (ChunkID:-1 Root:root:/ File:D:/Jeux/UE_4.27/FeaturePacks/TP_VirtualRealityBP.upack)
[2022.06.12-16.34.08:035][  0]LogPakFile: OnPakFileMounted2Time == 0.000028
[2022.06.12-16.34.08:087][  0]LogNativeClassHierarchy: Verbose: Native class hierarchy updated for 'AddContentDialog' in 0.0002 seconds. Added 0 classes and 0 folders.
[2022.06.12-16.34.08:299][  0]LogSlate: Took 0.000167 seconds to synchronously load lazily loaded font '../../../Engine/Content/Slate/Fonts/Roboto-Regular.ttf' (155K)
[2022.06.12-16.34.08:300][  0]LogSlate: Took 0.000128 seconds to synchronously load lazily loaded font '../../../Engine/Content/Editor/Slate/Fonts/FontAwesome.ttf' (139K)
[2022.06.12-16.34.08:301][  0]LogSlate: Took 0.000125 seconds to synchronously load lazily loaded font '../../../Engine/Content/Slate/Fonts/Roboto-Bold.ttf' (160K)
[2022.06.12-16.34.08:305][  0]LogSlate: Took 0.000680 seconds to synchronously load lazily loaded font '../../../Engine/Content/Slate/Fonts/DroidSansFallback.ttf' (3848K)
[2022.06.12-16.34.08:422][  0]LogRenderer: Reallocating scene render targets to support 948x572 Format 10 NumSamples 1 (Frame:1).
[2022.06.12-16.34.08:544][  0]LogSlate: Took 0.000214 seconds to synchronously load lazily loaded font '../../../Engine/Content/Slate/Fonts/Roboto-Light.ttf' (167K)
[2022.06.12-16.34.08:577][  0]LogNativeClassHierarchy: Verbose: Native class hierarchy updated for 'HierarchicalLODOutliner' in 0.0003 seconds. Added 0 classes and 0 folders.
[2022.06.12-16.34.08:577][  0]LogLoad: (Engine Initialization) Total time: 12.38 seconds
[2022.06.12-16.34.08:577][  0]LogLoad: (Engine Initialization) Total Blueprint compile time: 0.00 seconds
[2022.06.12-16.34.08:652][  0]LogContentStreaming: Texture pool size now 1000 MB
[2022.06.12-16.34.08:677][  1]LogAssetRegistry: Asset discovery search completed in 9.7874 seconds
[2022.06.12-16.34.08:682][  1]LogCollectionManager: Fixed up redirectors for 0 collections in 0.000002 seconds (updated 0 objects)
[2022.06.12-16.34.21:429][499]LogSlate: Took 0.000180 seconds to synchronously load lazily loaded font '../../../Engine/Content/Slate/Fonts/Roboto-Light.ttf' (167K)
[2022.06.12-16.34.21:437][499]LogAssetEditorSubsystem: Opening Asset editor for Blueprint /Game/BluePrint/Players_BP/BP_Player.BP_Player
[2022.06.12-16.34.21:571][499]LogNativeClassHierarchy: Verbose: Native class hierarchy updated for 'BlueprintGraph' in 0.0005 seconds. Added 126 classes and 0 folders.
[2022.06.12-16.34.22:389][499]LogSlate: Took 0.000260 seconds to synchronously load lazily loaded font '../../../Engine/Content/Slate/Fonts/Roboto-BoldCondensed.ttf' (158K)
[2022.06.12-16.34.22:834][500]LogSlate: Took 0.000216 seconds to synchronously load lazily loaded font '../../../Engine/Content/Slate/Fonts/Roboto-Italic.ttf' (157K)
[2022.06.12-16.34.35:050][828]Cmd: OBJ SAVEPACKAGE PACKAGE="/Game/BluePrint/Players_BP/BP_Player" FILE="../../../../../Cours/Github/CandleUnreal/Content/BluePrint/Players_BP/BP_Player.uasset" SILENT=true
[2022.06.12-16.34.35:407][828]LogSavePackage: Moving '../../../../../Cours/Github/CandleUnreal/Saved/BP_Player87E4ED9A442180B69E234E9038EA0562.tmp' to '../../../../../Cours/Github/CandleUnreal/Content/BluePrint/Players_BP/BP_Player.uasset'
[2022.06.12-16.34.35:419][828]AssetCheck: New page: Asset Save: BP_Player
[2022.06.12-16.34.35:419][828]LogContentValidation: Display: Validating Blueprint /Game/BluePrint/Players_BP/BP_Player.BP_Player
[2022.06.12-16.34.35:540][840]BlueprintLog: New page: Compile BP_Player
[2022.06.12-16.34.35:761][840]LogUObjectHash: Compacting FUObjectHashTables data took   3.13ms
[2022.06.12-16.34.35:825][840]BlueprintLog: New page: Compile BP_Player
[2022.06.12-16.34.36:003][840]LogUObjectHash: Compacting FUObjectHashTables data took   3.35ms
[2022.06.12-16.34.36:441][840]LogSlate: Took 0.000142 seconds to synchronously load lazily loaded font '../../../Engine/Content/Slate/Fonts/DroidSansMono.ttf' (77K)
[2022.06.12-16.34.42:257][448]BlueprintLog: New page: Compile BP_Player
[2022.06.12-16.34.42:486][448]LogUObjectHash: Compacting FUObjectHashTables data took   3.34ms
[2022.06.12-16.34.42:959][449]Cmd: OBJ SAVEPACKAGE PACKAGE="/Game/BluePrint/Players_BP/BP_Player" FILE="../../../../../Cours/Github/CandleUnreal/Content/BluePrint/Players_BP/BP_Player.uasset" SILENT=true
[2022.06.12-16.34.43:312][449]LogSavePackage: Moving '../../../../../Cours/Github/CandleUnreal/Saved/BP_Player92ED6E094A857016CA7B2AA57B721581.tmp' to '../../../../../Cours/Github/CandleUnreal/Content/BluePrint/Players_BP/BP_Player.uasset'
[2022.06.12-16.34.43:323][449]AssetCheck: New page: Asset Save: BP_Player
[2022.06.12-16.34.43:323][449]LogContentValidation: Display: Validating Blueprint /Game/BluePrint/Players_BP/BP_Player.BP_Player
[2022.06.12-16.34.54:513][608]BlueprintLog: New page: Compile BP_Player
[2022.06.12-16.34.54:760][608]LogUObjectHash: Compacting FUObjectHashTables data took   3.67ms
[2022.06.12-16.34.54:842][608]Cmd: OBJ SAVEPACKAGE PACKAGE="/Game/BluePrint/Players_BP/BP_Player" FILE="../../../../../Cours/Github/CandleUnreal/Content/BluePrint/Players_BP/BP_Player.uasset" SILENT=true
[2022.06.12-16.34.55:197][608]LogSavePackage: Moving '../../../../../Cours/Github/CandleUnreal/Saved/BP_Player0A676CF14D3C3CC8D56762A26D12B6C1.tmp' to '../../../../../Cours/Github/CandleUnreal/Content/BluePrint/Players_BP/BP_Player.uasset'
[2022.06.12-16.34.55:207][608]AssetCheck: New page: Asset Save: BP_Player
[2022.06.12-16.34.55:207][608]LogContentValidation: Display: Validating Blueprint /Game/BluePrint/Players_BP/BP_Player.BP_Player
[2022.06.12-16.35.00:035][  5]BlueprintLog: New page: Compile BP_Player
[2022.06.12-16.35.00:264][  5]LogUObjectHash: Compacting FUObjectHashTables data took   3.35ms
[2022.06.12-16.35.00:349][  5]Cmd: OBJ SAVEPACKAGE PACKAGE="/Game/BluePrint/Players_BP/BP_Player" FILE="../../../../../Cours/Github/CandleUnreal/Content/BluePrint/Players_BP/BP_Player.uasset" SILENT=true
[2022.06.12-16.35.00:704][  5]LogSavePackage: Moving '../../../../../Cours/Github/CandleUnreal/Saved/BP_Player2BF51EC6408087CB13AD1FB3507935E0.tmp' to '../../../../../Cours/Github/CandleUnreal/Content/BluePrint/Players_BP/BP_Player.uasset'
[2022.06.12-16.35.00:714][  5]AssetCheck: New page: Asset Save: BP_Player
[2022.06.12-16.35.00:714][  5]LogContentValidation: Display: Validating Blueprint /Game/BluePrint/Players_BP/BP_Player.BP_Player
[2022.06.12-16.35.01:229][ 16]Cmd: OBJ SAVEPACKAGE PACKAGE="/Game/BluePrint/Players_BP/BP_Player" FILE="../../../../../Cours/Github/CandleUnreal/Content/BluePrint/Players_BP/BP_Player.uasset" SILENT=true
[2022.06.12-16.35.01:579][ 16]LogSavePackage: Moving '../../../../../Cours/Github/CandleUnreal/Saved/BP_PlayerA65FDFFC4F356FB4904242A0D3A5E5D7.tmp' to '../../../../../Cours/Github/CandleUnreal/Content/BluePrint/Players_BP/BP_Player.uasset'
[2022.06.12-16.35.01:592][ 16]AssetCheck: New page: Asset Save: BP_Player
[2022.06.12-16.35.01:592][ 16]LogContentValidation: Display: Validating Blueprint /Game/BluePrint/Players_BP/BP_Player.BP_Player
[2022.06.12-16.35.24:210][226]BlueprintLog: New page: Compile BP_Player
[2022.06.12-16.35.24:439][226]LogUObjectHash: Compacting FUObjectHashTables data took   3.36ms
[2022.06.12-16.35.24:918][227]Cmd: OBJ SAVEPACKAGE PACKAGE="/Game/BluePrint/Players_BP/BP_Player" FILE="../../../../../Cours/Github/CandleUnreal/Content/BluePrint/Players_BP/BP_Player.uasset" SILENT=true
[2022.06.12-16.35.25:271][227]LogSavePackage: Moving '../../../../../Cours/Github/CandleUnreal/Saved/BP_Player452E98D348DD96742FB4F4A7E705A775.tmp' to '../../../../../Cours/Github/CandleUnreal/Content/BluePrint/Players_BP/BP_Player.uasset'
[2022.06.12-16.35.25:283][227]AssetCheck: New page: Asset Save: BP_Player
[2022.06.12-16.35.25:283][227]LogContentValidation: Display: Validating Blueprint /Game/BluePrint/Players_BP/BP_Player.BP_Player
[2022.06.12-16.35.26:992][371]LogWorld: UWorld::CleanupWorld for World_8, bSessionEnded=true, bCleanupResources=true
[2022.06.12-16.35.26:992][371]LogSlate: InvalidateAllWidgets triggered.  All widgets were invalidated
[2022.06.12-16.35.27:947][440]Cmd: OBJ SAVEPACKAGE PACKAGE="/Game/Levels/MaisonV2" FILE="../../../../../Cours/Github/CandleUnreal/Content/Levels/MaisonV2.umap" SILENT=true AUTOSAVING=false KEEPDIRTY=false
[2022.06.12-16.35.27:970][440]LogUObjectHash: Compacting FUObjectHashTables data took   3.09ms
[2022.06.12-16.35.28:934][440]LogSavePackage: Moving '../../../../../Cours/Github/CandleUnreal/Saved/MaisonV2E243870A4E8F98BB26E7FE91D86DA179.tmp' to '../../../../../Cours/Github/CandleUnreal/Content/Levels/MaisonV2.umap'
[2022.06.12-16.35.28:951][440]Cmd: OBJ SAVEPACKAGE PACKAGE="/Game/Levels/MaisonV2_BuiltData" FILE="../../../../../Cours/Github/CandleUnreal/Content/Levels/MaisonV2_BuiltData.uasset" SILENT=true
[2022.06.12-16.35.29:390][440]LogSavePackage: Moving '../../../../../Cours/Github/CandleUnreal/Saved/MaisonV2_BuiltDataECF946244102BF6922281A81B0C7277C.tmp' to '../../../../../Cours/Github/CandleUnreal/Content/Levels/MaisonV2_BuiltData.uasset'
[2022.06.12-16.35.29:404][440]AssetCheck: New page: Asset Save: multiple assets
[2022.06.12-16.35.29:404][440]LogContentValidation: Display: Validating MapBuildDataRegistry /Game/Levels/MaisonV2_BuiltData.MaisonV2_BuiltData
[2022.06.12-16.35.29:404][440]LogContentValidation: Display: Validating World /Game/Levels/MaisonV2.MaisonV2
